# Logfile created on 2017-11-17 15:05:02 +0100 by logger.rb/56815
I, [2017-11-17T15:05:06.518889 #7703]  INFO -- : Family: Alsataspididae
I, [2017-11-17T15:05:08.680501 #7703]  INFO -- : Genus: Araiopleura
I, [2017-11-17T15:05:09.078377 #7703]  INFO -- : Species: Araiopleura reticulata
I, [2017-11-17T15:05:09.082584 #7703]  INFO -- : Genus: Falanaspis
I, [2017-11-17T15:05:09.324413 #7703]  INFO -- : Species: Falanaspis extensa
I, [2017-11-17T15:05:09.328568 #7703]  INFO -- : Genus: Gaoloupingia
I, [2017-11-17T15:05:09.676154 #7703]  INFO -- : Species: Gaoloupingia gaoloupingensis
I, [2017-11-17T15:05:09.680445 #7703]  INFO -- : Species: Gaoloupingia triangularis
I, [2017-11-17T15:05:09.683922 #7703]  INFO -- : Genus: Hapalopleura
I, [2017-11-17T15:05:10.017332 #7703]  INFO -- : Species: Hapalopleura clavata
I, [2017-11-17T15:05:10.021527 #7703]  INFO -- : Species: Hapalopleura longicornis
I, [2017-11-17T15:05:10.024633 #7703]  INFO -- : Genus: Jegorovaia
I, [2017-11-17T15:05:10.499498 #7703]  INFO -- : Species: Jegorovaia convexa
I, [2017-11-17T15:05:10.503667 #7703]  INFO -- : Species: Jegorovaia expansa
I, [2017-11-17T15:05:10.507136 #7703]  INFO -- : Genus: Joshuaspis
I, [2017-11-17T15:05:10.753386 #7703]  INFO -- : Species: Joshuaspis parvus
I, [2017-11-17T15:05:10.757626 #7703]  INFO -- : Genus: Macharia
I, [2017-11-17T15:05:10.924815 #7703]  INFO -- : Species: Macharia pengi
I, [2017-11-17T15:05:10.929101 #7703]  INFO -- : Genus: Orometopus
I, [2017-11-17T15:05:11.279330 #7703]  INFO -- : Species: Orometopus notatifrons
I, [2017-11-17T15:05:11.282619 #7703]  INFO -- : Species: Orometopus pyrifrons
I, [2017-11-17T15:05:11.286502 #7703]  INFO -- : Genus: Rhadinopleura
I, [2017-11-17T15:05:11.453804 #7703]  INFO -- : Species: Rhadinopleura eurycephala
I, [2017-11-17T15:05:11.457482 #7703]  INFO -- : Genus: Skljarella
I, [2017-11-17T15:05:12.082953 #7703]  INFO -- : Species: Skljarella expansa
I, [2017-11-17T15:05:12.086830 #7703]  INFO -- : Species: Skljarella hunanensis
I, [2017-11-17T15:05:12.089914 #7703]  INFO -- : Species: Skljarella sulcifera
I, [2017-11-17T15:05:12.092529 #7703]  INFO -- : Genus: Torifera
I, [2017-11-17T15:05:13.049243 #7703]  INFO -- : Species: Torifera abrupta
I, [2017-11-17T15:05:13.053687 #7703]  INFO -- : Species: Torifera jelli
I, [2017-11-17T15:05:13.057128 #7703]  INFO -- : Species: Torifera paraconvexa
I, [2017-11-17T15:05:13.060276 #7703]  INFO -- : Species: Torifera taoyuanensis
I, [2017-11-17T15:05:13.063997 #7703]  INFO -- : Species: Torifera tuma
I, [2017-11-17T15:05:13.067153 #7703]  INFO -- : Family: Andrarinidae
I, [2017-11-17T15:05:13.490955 #7703]  INFO -- : Genus: Andrarina
I, [2017-11-17T15:05:13.733418 #7703]  INFO -- : Species: Andrarina comleyensis
I, [2017-11-17T15:05:13.737599 #7703]  INFO -- : Genus: Groenwallina
I, [2017-11-17T15:05:13.906966 #7703]  INFO -- : Species: Groenwallina decora
I, [2017-11-17T15:05:13.909239 #7703]  INFO -- : Family: Anomocarellidae
I, [2017-11-17T15:05:15.046488 #7703]  INFO -- : Genus: Anomocarella
I, [2017-11-17T15:05:15.580805 #7703]  INFO -- : Species: Anomocarella chinensis
I, [2017-11-17T15:05:15.585257 #7703]  INFO -- : Species: Anomocarella glabera
I, [2017-11-17T15:05:15.588712 #7703]  INFO -- : Species: Anomocarella zushimiaoensis
I, [2017-11-17T15:05:15.591842 #7703]  INFO -- : Genus: Fissanomocarella
I, [2017-11-17T15:05:15.800162 #7703]  INFO -- : Species: Fissanomocarella paibiensis
I, [2017-11-17T15:05:15.803235 #7703]  INFO -- : Genus: Huayuania
I, [2017-11-17T15:05:15.961727 #7703]  INFO -- : Species: Huayuania subcalva
I, [2017-11-17T15:05:15.966058 #7703]  INFO -- : Genus: Liopeishania
I, [2017-11-17T15:05:16.670269 #7703]  INFO -- : Species: Liopeishania leura
I, [2017-11-17T15:05:16.674499 #7703]  INFO -- : Species: Liopeishania lubrica
I, [2017-11-17T15:05:16.677748 #7703]  INFO -- : Species: Liopeishania marginata
I, [2017-11-17T15:05:16.680789 #7703]  INFO -- : Species: Liopeishania spannensis
I, [2017-11-17T15:05:16.683847 #7703]  INFO -- : Genus: Neoanomocarella
I, [2017-11-17T15:05:16.856023 #7703]  INFO -- : Species: Neoanomocarella asiatica
I, [2017-11-17T15:05:16.859347 #7703]  INFO -- : Genus: Paranomocarella
I, [2017-11-17T15:05:17.646796 #7703]  INFO -- : Species: Paranomocarella fortis
I, [2017-11-17T15:05:17.651164 #7703]  INFO -- : Species: Paranomocarella parallela
I, [2017-11-17T15:05:17.654416 #7703]  INFO -- : Species: Paranomocarella parapolita
I, [2017-11-17T15:05:17.658176 #7703]  INFO -- : Species: Paranomocarella pujiabaensis
I, [2017-11-17T15:05:17.661226 #7703]  INFO -- : Species: Paranomocarella transversa
I, [2017-11-17T15:05:17.664072 #7703]  INFO -- : Genus: Plebiellus
I, [2017-11-17T15:05:18.149441 #7703]  INFO -- : Species: Plebiellus latilimbatus
I, [2017-11-17T15:05:18.153853 #7703]  INFO -- : Species: Plebiellus lugouensis
I, [2017-11-17T15:05:18.157431 #7703]  INFO -- : Species: Plebiellus obsoletus
I, [2017-11-17T15:05:18.160672 #7703]  INFO -- : Family: Anomocaridae
I, [2017-11-17T15:05:20.330897 #7703]  INFO -- : Genus: Afghanocare
I, [2017-11-17T15:05:20.670792 #7703]  INFO -- : Species: Afghanocare guizhouensis
I, [2017-11-17T15:05:20.675018 #7703]  INFO -- : Species: Afghanocare truncatum
I, [2017-11-17T15:05:20.678684 #7703]  INFO -- : Genus: Anomocarina
I, [2017-11-17T15:05:21.383588 #7703]  INFO -- : Species: Anomocarina absona
I, [2017-11-17T15:05:21.387911 #7703]  INFO -- : Species: Anomocarina excavata
I, [2017-11-17T15:05:21.391553 #7703]  INFO -- : Species: Anomocarina perrara
I, [2017-11-17T15:05:21.394519 #7703]  INFO -- : Species: Anomocarina splendens
I, [2017-11-17T15:05:21.397687 #7703]  INFO -- : Genus: Anomocarioides
I, [2017-11-17T15:05:21.710692 #7703]  INFO -- : Species: Anomocarioides amplus
I, [2017-11-17T15:05:21.713477 #7703]  INFO -- : Species: Anomocarioides tersus
I, [2017-11-17T15:05:21.716091 #7703]  INFO -- : Genus: Fuquania
I, [2017-11-17T15:05:22.081777 #7703]  INFO -- : Species: Fuquania conica
I, [2017-11-17T15:05:22.086072 #7703]  INFO -- : Species: Fuquania gelaobaoensis
I, [2017-11-17T15:05:22.089219 #7703]  INFO -- : Genus: Glyphaspellus
I, [2017-11-17T15:05:22.254248 #7703]  INFO -- : Species: Glyphaspellus sinensis
I, [2017-11-17T15:05:22.258643 #7703]  INFO -- : Genus: Igarkiella
I, [2017-11-17T15:05:22.420476 #7703]  INFO -- : Species: Igarkiella igarkaensis
I, [2017-11-17T15:05:22.425006 #7703]  INFO -- : Genus: Jimanomocare
I, [2017-11-17T15:05:22.595200 #7703]  INFO -- : Species: Jimanomocare nanum
I, [2017-11-17T15:05:22.598857 #7703]  INFO -- : Genus: Koptura
I, [2017-11-17T15:05:22.984089 #7703]  INFO -- : Species: Koptura lisani
I, [2017-11-17T15:05:22.988341 #7703]  INFO -- : Species: Koptura temenus
I, [2017-11-17T15:05:22.991829 #7703]  INFO -- : Genus: Metanomocare
I, [2017-11-17T15:05:23.304794 #7703]  INFO -- : Species: Metanomocare honestum
I, [2017-11-17T15:05:23.307810 #7703]  INFO -- : Species: Metanomocare perbonum
I, [2017-11-17T15:05:23.310612 #7703]  INFO -- : Genus: Paibianomocare
I, [2017-11-17T15:05:23.628280 #7703]  INFO -- : Species: Paibianomocare lineatum
I, [2017-11-17T15:05:23.632661 #7703]  INFO -- : Species: Paibianomocare paibiense
I, [2017-11-17T15:05:23.636228 #7703]  INFO -- : Genus: Paracoosia
I, [2017-11-17T15:05:23.943961 #7703]  INFO -- : Species: Paracoosia huayuanensis
I, [2017-11-17T15:05:23.947063 #7703]  INFO -- : Species: Paracoosia kingi
I, [2017-11-17T15:05:23.949637 #7703]  INFO -- : Genus: Qinlingialingia
I, [2017-11-17T15:05:24.426377 #7703]  INFO -- : Species: Qinlingialingia henanensis
I, [2017-11-17T15:05:24.430124 #7703]  INFO -- : Species: Qinlingialingia magnoccipitis
I, [2017-11-17T15:05:24.433617 #7703]  INFO -- : Species: Qinlingialingia transversa
I, [2017-11-17T15:05:24.437203 #7703]  INFO -- : Genus: Schoriecare
I, [2017-11-17T15:05:24.756269 #7703]  INFO -- : Species: Schoriecare latum
I, [2017-11-17T15:05:24.759960 #7703]  INFO -- : Species: Schoriecare ratum
I, [2017-11-17T15:05:24.763248 #7703]  INFO -- : Genus: Wutingshania
I, [2017-11-17T15:05:24.951749 #7703]  INFO -- : Species: Wutingshania lui
I, [2017-11-17T15:05:24.955778 #7703]  INFO -- : Family: Aphelaspididae
I, [2017-11-17T15:05:27.344941 #7703]  INFO -- : Genus: Amorphella
I, [2017-11-17T15:05:27.665557 #7703]  INFO -- : Species: Amorphella magna
I, [2017-11-17T15:05:27.668474 #7703]  INFO -- : Species: Amorphella modesta
I, [2017-11-17T15:05:27.670854 #7703]  INFO -- : Genus: Aphelaspis
I, [2017-11-17T15:05:28.698989 #7703]  INFO -- : Species: Aphelaspis brachyphasis
I, [2017-11-17T15:05:28.703210 #7703]  INFO -- : Species: Aphelaspis buttsi
I, [2017-11-17T15:05:28.706224 #7703]  INFO -- : Species: Aphelaspis granulata
I, [2017-11-17T15:05:28.709962 #7703]  INFO -- : Species: Aphelaspis longispina
I, [2017-11-17T15:05:28.713154 #7703]  INFO -- : Species: Aphelaspis subditus
I, [2017-11-17T15:05:28.716255 #7703]  INFO -- : Species: Aphelaspis walcotti
I, [2017-11-17T15:05:28.718987 #7703]  INFO -- : Genus: Dicanthopyge
I, [2017-11-17T15:05:29.209310 #7703]  INFO -- : Species: Dicanthopyge convergens
I, [2017-11-17T15:05:29.213494 #7703]  INFO -- : Species: Dicanthopyge quadrata
I, [2017-11-17T15:05:29.216621 #7703]  INFO -- : Species: Dicanthopyge reductus
I, [2017-11-17T15:05:29.219916 #7703]  INFO -- : Genus: Erixanium
I, [2017-11-17T15:05:29.860652 #7703]  INFO -- : Species: Erixanium carinatum
I, [2017-11-17T15:05:29.864104 #7703]  INFO -- : Species: Erixanium multisegmentus
I, [2017-11-17T15:05:29.867387 #7703]  INFO -- : Species: Erixanium rectangularis
I, [2017-11-17T15:05:29.870160 #7703]  INFO -- : Species: Erixanium sentum
I, [2017-11-17T15:05:29.873055 #7703]  INFO -- : Genus: Eugonocare
I, [2017-11-17T15:05:30.775259 #7703]  INFO -- : Species: Eugonocare bispinatum
I, [2017-11-17T15:05:30.779604 #7703]  INFO -- : Species: Eugonocare camptodromum
I, [2017-11-17T15:05:30.783002 #7703]  INFO -- : Species: Eugonocare hunanense
I, [2017-11-17T15:05:30.785930 #7703]  INFO -- : Species: Eugonocare tessellatum
I, [2017-11-17T15:05:30.789005 #7703]  INFO -- : Species: Eugonocare whitehousei
I, [2017-11-17T15:05:30.791769 #7703]  INFO -- : Genus: Kazakhius
I, [2017-11-17T15:05:31.136326 #7703]  INFO -- : Species: Kazakhius elegantulus
I, [2017-11-17T15:05:31.140384 #7703]  INFO -- : Species: Kazakhius montis
I, [2017-11-17T15:05:31.143899 #7703]  INFO -- : Genus: Listroa
I, [2017-11-17T15:05:31.317109 #7703]  INFO -- : Species: Listroa toxoura
I, [2017-11-17T15:05:31.320339 #7703]  INFO -- : Genus: Litocephalus
I, [2017-11-17T15:05:31.839253 #7703]  INFO -- : Species: Litocephalus granulomarginatus
I, [2017-11-17T15:05:31.842246 #7703]  INFO -- : Species: Litocephalus magnus
I, [2017-11-17T15:05:31.845019 #7703]  INFO -- : Species: Litocephalus verruculapeza
I, [2017-11-17T15:05:31.848799 #7703]  INFO -- : Genus: Maduiya
I, [2017-11-17T15:05:32.324002 #7703]  INFO -- : Species: Maduiya composita
I, [2017-11-17T15:05:32.328002 #7703]  INFO -- : Species: Maduiya maduensis
I, [2017-11-17T15:05:32.331266 #7703]  INFO -- : Species: Maduiya sibirica
I, [2017-11-17T15:05:32.334223 #7703]  INFO -- : Genus: Nganasanella
I, [2017-11-17T15:05:32.825795 #7703]  INFO -- : Species: Nganasanella interminata
I, [2017-11-17T15:05:32.830157 #7703]  INFO -- : Species: Nganasanella nganasanensis
I, [2017-11-17T15:05:32.833531 #7703]  INFO -- : Species: Nganasanella tavgaensis
I, [2017-11-17T15:05:32.836559 #7703]  INFO -- : Genus: Olenaspella
I, [2017-11-17T15:05:33.630968 #7703]  INFO -- : Species: Olenaspella consimila
I, [2017-11-17T15:05:33.635198 #7703]  INFO -- : Species: Olenaspella cylindrata
I, [2017-11-17T15:05:33.638518 #7703]  INFO -- : Species: Olenaspella paucisegmenta
I, [2017-11-17T15:05:33.641362 #7703]  INFO -- : Species: Olenaspella regularis
I, [2017-11-17T15:05:33.644339 #7703]  INFO -- : Species: Olenaspella separata
I, [2017-11-17T15:05:33.647634 #7703]  INFO -- : Genus: Olentella
I, [2017-11-17T15:05:33.821162 #7703]  INFO -- : Species: Olentella shidertensis
I, [2017-11-17T15:05:33.826309 #7703]  INFO -- : Genus: Taenicephalites
I, [2017-11-17T15:05:34.057476 #7703]  INFO -- : Species: Taenicephalites macrops
I, [2017-11-17T15:05:34.061376 #7703]  INFO -- : Genus: Taenora
I, [2017-11-17T15:05:34.385721 #7703]  INFO -- : Species: Taenora expansa
I, [2017-11-17T15:05:34.390393 #7703]  INFO -- : Species: Taenora platifrons
I, [2017-11-17T15:05:34.393920 #7703]  INFO -- : Genus: Tamaranella
I, [2017-11-17T15:05:34.554861 #7703]  INFO -- : Species: Tamaranella bella
I, [2017-11-17T15:05:34.558660 #7703]  INFO -- : Family: Asaphidae
I, [2017-11-17T15:05:42.936043 #7703]  INFO -- : Genus: Anataphrus
I, [2017-11-17T15:05:43.658623 #7703]  INFO -- : Species: Anataphrus borraeus
I, [2017-11-17T15:05:43.661705 #7703]  INFO -- : Species: Anataphrus kermiti
I, [2017-11-17T15:05:43.664613 #7703]  INFO -- : Species: Anataphrus martinensis
I, [2017-11-17T15:05:43.667330 #7703]  INFO -- : Species: Anataphrus megalophrys
I, [2017-11-17T15:05:43.669820 #7703]  INFO -- : Genus: Asaphellus
I, [2017-11-17T15:05:44.859737 #7703]  INFO -- : Species: Asaphellus artus
I, [2017-11-17T15:05:44.863048 #7703]  INFO -- : Species: Asaphellus aspinus
I, [2017-11-17T15:05:44.865338 #7703]  INFO -- : Species: Asaphellus catamarcensis
I, [2017-11-17T15:05:44.867685 #7703]  INFO -- : Species: Asaphellus communis
I, [2017-11-17T15:05:44.869832 #7703]  INFO -- : Species: Asaphellus homfrayi
I, [2017-11-17T15:05:44.872142 #7703]  INFO -- : Species: Asaphellus jujuanus
I, [2017-11-17T15:05:44.874798 #7703]  INFO -- : Species: Asaphellus riojanus
I, [2017-11-17T15:05:44.877284 #7703]  INFO -- : Genus: Asaphus
I, [2017-11-17T15:05:49.110257 #7703]  INFO -- : Species: Asaphus broggeri
I, [2017-11-17T15:05:49.114298 #7703]  INFO -- : Species: Asaphus expansus
I, [2017-11-17T15:05:49.117575 #7703]  INFO -- : Species: Asaphus fallax
I, [2017-11-17T15:05:49.121129 #7703]  INFO -- : Species: Asaphus lepidurus
I, [2017-11-17T15:05:49.124175 #7703]  INFO -- : Species: Asaphus raniceps
I, [2017-11-17T15:05:49.126909 #7703]  INFO -- : Species: Asaphus vicarius
I, [2017-11-17T15:05:49.129689 #7703]  INFO -- : Species: Asaphus branconis
I, [2017-11-17T15:05:49.132125 #7703]  INFO -- : Species: Asaphus cornutus
I, [2017-11-17T15:05:49.134879 #7703]  INFO -- : Species: Asaphus delphinus
I, [2017-11-17T15:05:49.137243 #7703]  INFO -- : Species: Asaphus glabrata
I, [2017-11-17T15:05:49.139453 #7703]  INFO -- : Species: Asaphus kowalewskii
I, [2017-11-17T15:05:49.141636 #7703]  INFO -- : Species: Asaphus laevissimus
I, [2017-11-17T15:05:49.149398 #7703]  INFO -- : Species: Asaphus latisegmentatus
I, [2017-11-17T15:05:49.152006 #7703]  INFO -- : Species: Asaphus latus
I, [2017-11-17T15:05:49.154518 #7703]  INFO -- : Species: Asaphus lepidus
I, [2017-11-17T15:05:49.156838 #7703]  INFO -- : Species: Asaphus ludibundus
I, [2017-11-17T15:05:49.159758 #7703]  INFO -- : Species: Asaphus nieszkowskii
I, [2017-11-17T15:05:49.162167 #7703]  INFO -- : Species: Asaphus ornatus
I, [2017-11-17T15:05:49.164465 #7703]  INFO -- : Species: Asaphus pachyophthalmus
I, [2017-11-17T15:05:49.166754 #7703]  INFO -- : Species: Asaphus platyurus
I, [2017-11-17T15:05:49.169071 #7703]  INFO -- : Species: Asaphus robergii
I, [2017-11-17T15:05:49.171470 #7703]  INFO -- : Species: Asaphus sulevi
I, [2017-11-17T15:05:49.173784 #7703]  INFO -- : Species: Asaphus uplandicus
I, [2017-11-17T15:05:49.176077 #7703]  INFO -- : Species: Asaphus volborthi
I, [2017-11-17T15:05:49.179032 #7703]  INFO -- : Genus: Aulacoparia
I, [2017-11-17T15:05:49.725834 #7703]  INFO -- : Species: Aulacoparia sculpta
I, [2017-11-17T15:05:49.729696 #7703]  INFO -- : Species: Aulacoparia venta
I, [2017-11-17T15:05:49.732877 #7703]  INFO -- : Species: Aulacoparia quadrata
I, [2017-11-17T15:05:49.736531 #7703]  INFO -- : Genus: Australopyge
I, [2017-11-17T15:05:50.058020 #7703]  INFO -- : Species: Australopyge acanthura
I, [2017-11-17T15:05:50.061707 #7703]  INFO -- : Species: Australopyge russoi
I, [2017-11-17T15:05:50.064831 #7703]  INFO -- : Genus: Basilicus
I, [2017-11-17T15:05:51.290795 #7703]  INFO -- : Species: Basilicus asper
I, [2017-11-17T15:05:51.295227 #7703]  INFO -- : Species: Basilicus carinata
I, [2017-11-17T15:05:51.298376 #7703]  INFO -- : Species: Basilicus jinlini
I, [2017-11-17T15:05:51.302062 #7703]  INFO -- : Species: Basilicus mckeei
I, [2017-11-17T15:05:51.304827 #7703]  INFO -- : Species: Basilicus nanna
I, [2017-11-17T15:05:51.307494 #7703]  INFO -- : Species: Basilicus typicalis
I, [2017-11-17T15:05:51.310137 #7703]  INFO -- : Species: Basilicus whittingtoni
I, [2017-11-17T15:05:51.312563 #7703]  INFO -- : Genus: Bellefontia
I, [2017-11-17T15:05:51.854943 #7703]  INFO -- : Species: Bellefontia acuminiferentis
I, [2017-11-17T15:05:51.857847 #7703]  INFO -- : Species: Bellefontia chamberlaini
I, [2017-11-17T15:05:51.860684 #7703]  INFO -- : Species: Bellefontia ibexensis
I, [2017-11-17T15:05:51.863054 #7703]  INFO -- : Genus: Birmanites
I, [2017-11-17T15:05:52.237523 #7703]  INFO -- : Species: Birmanites akchiensis
I, [2017-11-17T15:05:52.241689 #7703]  INFO -- : Species: Birmanites brevicus
I, [2017-11-17T15:05:52.244886 #7703]  INFO -- : Genus: Brachyaspis
I, [2017-11-17T15:05:52.884520 #7703]  INFO -- : Species: Brachyaspis alacer
I, [2017-11-17T15:05:52.887670 #7703]  INFO -- : Species: Brachyaspis altilis
I, [2017-11-17T15:05:52.890372 #7703]  INFO -- : Species: Brachyaspis australis
I, [2017-11-17T15:05:52.892958 #7703]  INFO -- : Species: Brachyaspis leptaenarum
I, [2017-11-17T15:05:52.895491 #7703]  INFO -- : Genus: Dolerasaphus
I, [2017-11-17T15:05:53.055817 #7703]  INFO -- : Species: Dolerasaphus laevis
I, [2017-11-17T15:05:53.059063 #7703]  INFO -- : Genus: Gog
I, [2017-11-17T15:05:53.409727 #7703]  INFO -- : Species: Gog catillus
I, [2017-11-17T15:05:53.414245 #7703]  INFO -- : Species: Gog yangtzeensis
I, [2017-11-17T15:05:53.417483 #7703]  INFO -- : Genus: Guohongjunia
I, [2017-11-17T15:05:53.581142 #7703]  INFO -- : Species: Guohongjunia triangulata
I, [2017-11-17T15:05:53.585050 #7703]  INFO -- : Genus: Hoekaspis
I, [2017-11-17T15:05:53.911007 #7703]  INFO -- : Species: Hoekaspis megacantha
I, [2017-11-17T15:05:53.914636 #7703]  INFO -- : Species: Hoekaspis schlagintweiti
I, [2017-11-17T15:05:53.918239 #7703]  INFO -- : Genus: Homotelus
I, [2017-11-17T15:05:54.411059 #7703]  INFO -- : Species: Homotelus laeviurus
I, [2017-11-17T15:05:54.415182 #7703]  INFO -- : Species: Homotelus stegops
I, [2017-11-17T15:05:54.418383 #7703]  INFO -- : Species: Homotelus stincharensis
I, [2017-11-17T15:05:54.422063 #7703]  INFO -- : Genus: Isoteloides
I, [2017-11-17T15:05:55.243199 #7703]  INFO -- : Species: Isoteloides canalis
I, [2017-11-17T15:05:55.246012 #7703]  INFO -- : Species: Isoteloides flexus
I, [2017-11-17T15:05:55.249963 #7703]  INFO -- : Species: Isoteloides peri
I, [2017-11-17T15:05:55.252448 #7703]  INFO -- : Species: Isoteloides polaris
I, [2017-11-17T15:05:55.255098 #7703]  INFO -- : Species: Isoteloides saxosimontis
I, [2017-11-17T15:05:55.259592 #7703]  INFO -- : Genus: Isotelus
I, [2017-11-17T15:05:57.620885 #7703]  INFO -- : Species: Isotelus aktchokensis
I, [2017-11-17T15:05:57.624695 #7703]  INFO -- : Species: Isotelus bradleyi
I, [2017-11-17T15:05:57.628666 #7703]  INFO -- : Species: Isotelus copenhagenensis
I, [2017-11-17T15:05:57.631744 #7703]  INFO -- : Species: Isotelus frognoensis
I, [2017-11-17T15:05:57.634699 #7703]  INFO -- : Species: Isotelus gigas
I, [2017-11-17T15:05:57.637002 #7703]  INFO -- : Species: Isotelus harrisi
I, [2017-11-17T15:05:57.639663 #7703]  INFO -- : Species: Isotelus iowensis
I, [2017-11-17T15:05:57.642319 #7703]  INFO -- : Species: Isotelus kimmswickensis
I, [2017-11-17T15:05:57.645305 #7703]  INFO -- : Species: Isotelus maximus
I, [2017-11-17T15:05:57.648299 #7703]  INFO -- : Species: Isotelus megistos
I, [2017-11-17T15:05:57.650486 #7703]  INFO -- : Species: Isotelus parvirugosus
I, [2017-11-17T15:05:57.652542 #7703]  INFO -- : Species: Isotelus skapaneidos
I, [2017-11-17T15:05:57.654695 #7703]  INFO -- : Species: Isotelus susae
I, [2017-11-17T15:05:57.663018 #7703]  INFO -- : Species: Isotelus violaensis
I, [2017-11-17T15:05:57.665543 #7703]  INFO -- : Species: Isotelus walcotti
I, [2017-11-17T15:05:57.668626 #7703]  INFO -- : Genus: Kayseraspis
I, [2017-11-17T15:05:57.971876 #7703]  INFO -- : Species: Kayseraspis asaphelloides
I, [2017-11-17T15:05:57.974414 #7703]  INFO -- : Species: Kayseraspis brackebuschi
I, [2017-11-17T15:05:57.977137 #7703]  INFO -- : Genus: Lachnostoma
I, [2017-11-17T15:05:58.133705 #7703]  INFO -- : Species: Lachnostoma latucelsum
I, [2017-11-17T15:05:58.137959 #7703]  INFO -- : Genus: Liomegalaspides
I, [2017-11-17T15:05:58.296544 #7703]  INFO -- : Species: Liomegalaspides major
I, [2017-11-17T15:05:58.300754 #7703]  INFO -- : Genus: Megalaspidella
I, [2017-11-17T15:05:58.459490 #7703]  INFO -- : Species: Megalaspidella kayseri
I, [2017-11-17T15:05:58.462823 #7703]  INFO -- : Genus: Megalaspides
I, [2017-11-17T15:05:58.616559 #7703]  INFO -- : Species: Megalaspides striatellus
I, [2017-11-17T15:05:58.620327 #7703]  INFO -- : Genus: Megistaspis
I, [2017-11-17T15:05:59.658102 #7703]  INFO -- : Species: Megistaspis floweri
I, [2017-11-17T15:05:59.662446 #7703]  INFO -- : Species: Megistaspis nevadensis
I, [2017-11-17T15:05:59.665129 #7703]  INFO -- : Species: Megistaspis limbata
I, [2017-11-17T15:05:59.667894 #7703]  INFO -- : Species: Megistaspis polyphemus
I, [2017-11-17T15:05:59.671135 #7703]  INFO -- : Species: Megistaspis pugiocauda
I, [2017-11-17T15:05:59.673708 #7703]  INFO -- : Species: Megistaspis saltaensis
I, [2017-11-17T15:05:59.676256 #7703]  INFO -- : Genus: Nahannia
I, [2017-11-17T15:06:00.080429 #7703]  INFO -- : Species: Nahannia humilisulcata
I, [2017-11-17T15:06:00.084884 #7703]  INFO -- : Species: Nahannia mediocrisulcata
I, [2017-11-17T15:06:00.088677 #7703]  INFO -- : Genus: Nileoides
I, [2017-11-17T15:06:00.262777 #7703]  INFO -- : Species: Nileoides perkinsi
I, [2017-11-17T15:06:00.267713 #7703]  INFO -- : Genus: Niobe
I, [2017-11-17T15:06:01.254896 #7703]  INFO -- : Species: Niobe brevicauda
I, [2017-11-17T15:06:01.259356 #7703]  INFO -- : Species: Niobe flabellifera
I, [2017-11-17T15:06:01.262953 #7703]  INFO -- : Species: Niobe groenlandica
I, [2017-11-17T15:06:01.265937 #7703]  INFO -- : Species: Niobe morrisi
I, [2017-11-17T15:06:01.268952 #7703]  INFO -- : Species: Niobe occulta
I, [2017-11-17T15:06:01.271844 #7703]  INFO -- : Species: Niobe quadraticaudata
I, [2017-11-17T15:06:01.274370 #7703]  INFO -- : Genus: Niobella
I, [2017-11-17T15:06:02.555723 #7703]  INFO -- : Species: Niobella birchensis
I, [2017-11-17T15:06:02.560224 #7703]  INFO -- : Species: Niobella imparilimbata
I, [2017-11-17T15:06:02.563494 #7703]  INFO -- : Species: Niobella kanauguki
I, [2017-11-17T15:06:02.566243 #7703]  INFO -- : Species: Niobella kozhuchensis
I, [2017-11-17T15:06:02.569150 #7703]  INFO -- : Species: Niobella obsoleta
I, [2017-11-17T15:06:02.571592 #7703]  INFO -- : Species: Niobella sanduensis
I, [2017-11-17T15:06:02.574075 #7703]  INFO -- : Species: Niobella tianjiapingensis
I, [2017-11-17T15:06:02.576478 #7703]  INFO -- : Species: Niobella yangjiawanensis
I, [2017-11-17T15:06:02.579154 #7703]  INFO -- : Genus: Niobides
I, [2017-11-17T15:06:02.740321 #7703]  INFO -- : Species: Niobides armatus
I, [2017-11-17T15:06:02.744004 #7703]  INFO -- : Genus: Niobina
I, [2017-11-17T15:06:02.905662 #7703]  INFO -- : Species: Niobina taurina
I, [2017-11-17T15:06:02.909845 #7703]  INFO -- : Genus: Notopeltis
I, [2017-11-17T15:06:03.114898 #7703]  INFO -- : Species: Notopeltis orthometopa
I, [2017-11-17T15:06:03.118983 #7703]  INFO -- : Genus: Ogmasaphus
I, [2017-11-17T15:06:03.589440 #7703]  INFO -- : Species: Ogmasaphus costatus
I, [2017-11-17T15:06:03.593778 #7703]  INFO -- : Species: Ogmasaphus hannanicus
I, [2017-11-17T15:06:03.597313 #7703]  INFO -- : Species: Ogmasaphus praetextus
I, [2017-11-17T15:06:03.600556 #7703]  INFO -- : Genus: Ogyginus
I, [2017-11-17T15:06:03.762912 #7703]  INFO -- : Species: Ogyginus armoricanus
I, [2017-11-17T15:06:03.767147 #7703]  INFO -- : Genus: Ogygiocarella
I, [2017-11-17T15:06:03.935072 #7703]  INFO -- : Species: Ogygiocarella debuchana
I, [2017-11-17T15:06:03.938647 #7703]  INFO -- : Genus: Ogygiocaris
I, [2017-11-17T15:06:04.253191 #7703]  INFO -- : Species: Ogygiocaris araiorhachis
I, [2017-11-17T15:06:04.256270 #7703]  INFO -- : Species: Ogygiocaris concentrica
I, [2017-11-17T15:06:04.258857 #7703]  INFO -- : Genus: Ogygitella
I, [2017-11-17T15:06:04.414589 #7703]  INFO -- : Species: Ogygitella australis
I, [2017-11-17T15:06:04.418916 #7703]  INFO -- : Genus: Parabellefontia
I, [2017-11-17T15:06:04.584626 #7703]  INFO -- : Species: Parabellefontia concinna
I, [2017-11-17T15:06:04.588930 #7703]  INFO -- : Genus: Paraptychopyge
I, [2017-11-17T15:06:04.752040 #7703]  INFO -- : Species: Paraptychopyge disputa
I, [2017-11-17T15:06:04.755955 #7703]  INFO -- : Genus: Paratamdaspis
I, [2017-11-17T15:06:04.909248 #7703]  INFO -- : Species: Paratamdaspis longiformis
I, [2017-11-17T15:06:04.911677 #7703]  INFO -- : Genus: Plectasaphus
I, [2017-11-17T15:06:05.082515 #7703]  INFO -- : Species: Plectasaphus plicicostis
I, [2017-11-17T15:06:05.085575 #7703]  INFO -- : Genus: Presbynileus
I, [2017-11-17T15:06:05.731218 #7703]  INFO -- : Species: Presbynileus latifrons
I, [2017-11-17T15:06:05.735496 #7703]  INFO -- : Species: Presbynileus elongatus
I, [2017-11-17T15:06:05.739018 #7703]  INFO -- : Species: Presbynileus ibexensis
I, [2017-11-17T15:06:05.742882 #7703]  INFO -- : Species: Presbynileus utahensis
I, [2017-11-17T15:06:05.746154 #7703]  INFO -- : Genus: Priceaspis
I, [2017-11-17T15:06:05.918393 #7703]  INFO -- : Species: Priceaspis irritans
I, [2017-11-17T15:06:05.921952 #7703]  INFO -- : Genus: Protopresbynileus
I, [2017-11-17T15:06:06.255708 #7703]  INFO -- : Species: Protopresbynileus glaber
I, [2017-11-17T15:06:06.260161 #7703]  INFO -- : Species: Protopresbynileus willdeni
I, [2017-11-17T15:06:06.263792 #7703]  INFO -- : Genus: Pseudasaphus
I, [2017-11-17T15:06:06.909828 #7703]  INFO -- : Species: Pseudasaphus aciculatus
I, [2017-11-17T15:06:06.913615 #7703]  INFO -- : Species: Pseudasaphus globifrons
I, [2017-11-17T15:06:06.916802 #7703]  INFO -- : Species: Pseudasaphus limatus
I, [2017-11-17T15:06:06.919903 #7703]  INFO -- : Species: Pseudasaphus tecticaudatus
I, [2017-11-17T15:06:06.922600 #7703]  INFO -- : Genus: Pseudobasilicus
I, [2017-11-17T15:06:07.747247 #7703]  INFO -- : Species: Pseudobasilicus brachyrachis
I, [2017-11-17T15:06:07.751553 #7703]  INFO -- : Species: Pseudobasilicus kuckersiana
I, [2017-11-17T15:06:07.755077 #7703]  INFO -- : Species: Pseudobasilicus lata
I, [2017-11-17T15:06:07.758655 #7703]  INFO -- : Species: Pseudobasilicus lawrowi
I, [2017-11-17T15:06:07.761704 #7703]  INFO -- : Species: Pseudobasilicus nobilis
I, [2017-11-17T15:06:07.764290 #7703]  INFO -- : Genus: Pseudogriphasaphus
I, [2017-11-17T15:06:07.916401 #7703]  INFO -- : Species: Pseudogriphasaphus hunanensis
I, [2017-11-17T15:06:07.920119 #7703]  INFO -- : Genus: Pseudomegalaspis
I, [2017-11-17T15:06:08.242329 #7703]  INFO -- : Species: Pseudomegalaspis formosa
I, [2017-11-17T15:06:08.246494 #7703]  INFO -- : Species: Pseudomegalaspis patagiata
I, [2017-11-17T15:06:08.250067 #7703]  INFO -- : Genus: Ptychocephalus
I, [2017-11-17T15:06:08.830491 #7703]  INFO -- : Species: Ptychocephalus accliva
I, [2017-11-17T15:06:08.833813 #7703]  INFO -- : Species: Ptychocephalus declevita
I, [2017-11-17T15:06:08.836610 #7703]  INFO -- : Species: Ptychocephalus vigilans
I, [2017-11-17T15:06:08.839589 #7703]  INFO -- : Genus: Stegnopsis
I, [2017-11-17T15:06:09.476585 #7703]  INFO -- : Species: Stegnopsis erythragora
I, [2017-11-17T15:06:09.480071 #7703]  INFO -- : Species: Stegnopsis huttoni
I, [2017-11-17T15:06:09.482684 #7703]  INFO -- : Species: Stegnopsis solitarius
I, [2017-11-17T15:06:09.485636 #7703]  INFO -- : Species: Stegnopsis wellingensis
I, [2017-11-17T15:06:09.489002 #7703]  INFO -- : Genus: Stenorhachis
I, [2017-11-17T15:06:09.649992 #7703]  INFO -- : Species: Stenorhachis genalticurvatus
I, [2017-11-17T15:06:09.654212 #7703]  INFO -- : Genus: Thysanopyge
I, [2017-11-17T15:06:10.206798 #7703]  INFO -- : Species: Thysanopyge argentina
I, [2017-11-17T15:06:10.211203 #7703]  INFO -- : Species: Thysanopyge clavijoi
I, [2017-11-17T15:06:10.214539 #7703]  INFO -- : Species: Thysanopyge latelimbata
I, [2017-11-17T15:06:10.217244 #7703]  INFO -- : Genus: Trigonocerca
I, [2017-11-17T15:06:10.406725 #7703]  INFO -- : Species: Trigonocerca typica
I, [2017-11-17T15:06:10.409607 #7703]  INFO -- : Genus: Trigonocercella
I, [2017-11-17T15:06:10.587448 #7703]  INFO -- : Species: Trigonocercella acuta
I, [2017-11-17T15:06:10.590508 #7703]  INFO -- : Genus: Vogdesia
I, [2017-11-17T15:06:11.199102 #7703]  INFO -- : Species: Vogdesia bearsi
I, [2017-11-17T15:06:11.203182 #7703]  INFO -- : Species: Vogdesia bromidensis
I, [2017-11-17T15:06:11.206384 #7703]  INFO -- : Species: Vogdesia obtusus
I, [2017-11-17T15:06:11.209680 #7703]  INFO -- : Genus: Xenostegium
I, [2017-11-17T15:06:11.424268 #7703]  INFO -- : Species: Xenostegium franklinense
I, [2017-11-17T15:06:11.428515 #7703]  INFO -- : Genus: Zhenganites
I, [2017-11-17T15:06:11.616643 #7703]  INFO -- : Species: Zhenganites xinjiangensis
I, [2017-11-17T15:06:11.620656 #7703]  INFO -- : Genus: Zuninaspis
I, [2017-11-17T15:06:11.832187 #7703]  INFO -- : Species: Zuninaspis acuminata
I, [2017-11-17T15:06:11.836400 #7703]  INFO -- : Family: Ceratopygidae
I, [2017-11-17T15:06:14.637100 #7703]  INFO -- : Genus: Asiocephalus
I, [2017-11-17T15:06:14.800627 #7703]  INFO -- : Species: Asiocephalus sulcatus
I, [2017-11-17T15:06:14.805003 #7703]  INFO -- : Genus: Ceratopyge
I, [2017-11-17T15:06:14.957088 #7703]  INFO -- : Species: Ceratopyge forficuloides
I, [2017-11-17T15:06:14.959923 #7703]  INFO -- : Genus: Charchaqia
I, [2017-11-17T15:06:15.408239 #7703]  INFO -- : Species: Charchaqia glabrescens
I, [2017-11-17T15:06:15.412256 #7703]  INFO -- : Species: Charchaqia halli
I, [2017-11-17T15:06:15.416234 #7703]  INFO -- : Species: Charchaqia norini
I, [2017-11-17T15:06:15.419610 #7703]  INFO -- : Genus: Diceratopyge
I, [2017-11-17T15:06:16.076157 #7703]  INFO -- : Species: Diceratopyge distalis
I, [2017-11-17T15:06:16.080499 #7703]  INFO -- : Species: Diceratopyge elongata
I, [2017-11-17T15:06:16.083838 #7703]  INFO -- : Species: Diceratopyge mobergi
I, [2017-11-17T15:06:16.087005 #7703]  INFO -- : Species: Diceratopyge obesa
I, [2017-11-17T15:06:16.090352 #7703]  INFO -- : Genus: Dichelepyge
I, [2017-11-17T15:06:16.249230 #7703]  INFO -- : Species: Dichelepyge pascuali
I, [2017-11-17T15:06:16.253252 #7703]  INFO -- : Genus: Haniwoides
I, [2017-11-17T15:06:16.562998 #7703]  INFO -- : Species: Haniwoides brevicus
I, [2017-11-17T15:06:16.566971 #7703]  INFO -- : Species: Haniwoides longus
I, [2017-11-17T15:06:16.570196 #7703]  INFO -- : Genus: Hedinaspis
I, [2017-11-17T15:06:17.044414 #7703]  INFO -- : Species: Hedinaspis regalis
I, [2017-11-17T15:06:17.048706 #7703]  INFO -- : Species: Hedinaspis shengi
I, [2017-11-17T15:06:17.052418 #7703]  INFO -- : Species: Hedinaspis uniformis
I, [2017-11-17T15:06:17.056057 #7703]  INFO -- : Genus: Hunanopyge
I, [2017-11-17T15:06:17.220503 #7703]  INFO -- : Species: Hunanopyge sejuncta
I, [2017-11-17T15:06:17.224688 #7703]  INFO -- : Genus: Macropyge
I, [2017-11-17T15:06:17.689869 #7703]  INFO -- : Species: Macropyge carinata
I, [2017-11-17T15:06:17.694138 #7703]  INFO -- : Species: Macropyge gladiator
I, [2017-11-17T15:06:17.697295 #7703]  INFO -- : Species: Macropyge linearis
I, [2017-11-17T15:06:17.700215 #7703]  INFO -- : Genus: Nannopeltis
I, [2017-11-17T15:06:17.882494 #7703]  INFO -- : Species: Nannopeltis modesta
I, [2017-11-17T15:06:17.886805 #7703]  INFO -- : Genus: Onychopyge
I, [2017-11-17T15:06:18.650402 #7703]  INFO -- : Species: Onychopyge argentina
I, [2017-11-17T15:06:18.654700 #7703]  INFO -- : Species: Onychopyge longispina
I, [2017-11-17T15:06:18.658131 #7703]  INFO -- : Species: Onychopyge plagiacantha
I, [2017-11-17T15:06:18.661187 #7703]  INFO -- : Species: Onychopyge riojana
I, [2017-11-17T15:06:18.664045 #7703]  INFO -- : Species: Onychopyge sculptura
I, [2017-11-17T15:06:18.667050 #7703]  INFO -- : Genus: Proceratopyge
I, [2017-11-17T15:06:21.938681 #7703]  INFO -- : Species: Proceratopyge changshanensis
I, [2017-11-17T15:06:21.942989 #7703]  INFO -- : Species: Proceratopyge constrictus
I, [2017-11-17T15:06:21.946429 #7703]  INFO -- : Species: Proceratopyge distincta
I, [2017-11-17T15:06:21.950006 #7703]  INFO -- : Species: Proceratopyge kiangshanensis
I, [2017-11-17T15:06:21.952822 #7703]  INFO -- : Species: Proceratopyge sinuata
I, [2017-11-17T15:06:21.955544 #7703]  INFO -- : Species: Proceratopyge conifrons
I, [2017-11-17T15:06:21.958588 #7703]  INFO -- : Species: Proceratopyge cylindrica
I, [2017-11-17T15:06:21.961435 #7703]  INFO -- : Species: Proceratopyge distensa
I, [2017-11-17T15:06:21.964116 #7703]  INFO -- : Species: Proceratopyge fenghwangensis
I, [2017-11-17T15:06:21.966677 #7703]  INFO -- : Species: Proceratopyge fuyangensis
I, [2017-11-17T15:06:21.969086 #7703]  INFO -- : Species: Proceratopyge grabaui
I, [2017-11-17T15:06:21.971410 #7703]  INFO -- : Species: Proceratopyge incondita
I, [2017-11-17T15:06:21.973685 #7703]  INFO -- : Species: Proceratopyge longa
I, [2017-11-17T15:06:21.976010 #7703]  INFO -- : Species: Proceratopyge mirabilis
I, [2017-11-17T15:06:21.978242 #7703]  INFO -- : Species: Proceratopyge posterolateralis
I, [2017-11-17T15:06:21.980489 #7703]  INFO -- : Species: Proceratopyge promisca
I, [2017-11-17T15:06:21.982740 #7703]  INFO -- : Species: Proceratopyge protracta
I, [2017-11-17T15:06:21.985032 #7703]  INFO -- : Species: Proceratopyge tenuita
I, [2017-11-17T15:06:21.987332 #7703]  INFO -- : Species: Proceratopyge truncata
I, [2017-11-17T15:06:21.989569 #7703]  INFO -- : Species: Proceratopyge waergangensis
I, [2017-11-17T15:06:21.991851 #7703]  INFO -- : Species: Proceratopyge zhejiangensis
I, [2017-11-17T15:06:21.994109 #7703]  INFO -- : Genus: Pseudohysterolenus
I, [2017-11-17T15:06:22.153444 #7703]  INFO -- : Species: Pseudohysterolenus infidus
I, [2017-11-17T15:06:22.157654 #7703]  INFO -- : Genus: Pseudoyuepingia
I, [2017-11-17T15:06:23.413918 #7703]  INFO -- : Species: Pseudoyuepingia asaphoides
I, [2017-11-17T15:06:23.418054 #7703]  INFO -- : Species: Pseudoyuepingia brevica
I, [2017-11-17T15:06:23.421493 #7703]  INFO -- : Species: Pseudoyuepingia carinalis
I, [2017-11-17T15:06:23.424627 #7703]  INFO -- : Species: Pseudoyuepingia elongata
I, [2017-11-17T15:06:23.427758 #7703]  INFO -- : Species: Pseudoyuepingia intermedia
I, [2017-11-17T15:06:23.430982 #7703]  INFO -- : Species: Pseudoyuepingia jiantangensis
I, [2017-11-17T15:06:23.434394 #7703]  INFO -- : Species: Pseudoyuepingia laochatianensis
I, [2017-11-17T15:06:23.437517 #7703]  INFO -- : Species: Pseudoyuepingia zhejiangensis
I, [2017-11-17T15:06:23.440737 #7703]  INFO -- : Genus: Tamdaspis
I, [2017-11-17T15:06:23.602119 #7703]  INFO -- : Species: Tamdaspis tamdensis
I, [2017-11-17T15:06:23.606510 #7703]  INFO -- : Genus: Tropidopyge
I, [2017-11-17T15:06:24.094883 #7703]  INFO -- : Species: Tropidopyge alveus
I, [2017-11-17T15:06:24.099624 #7703]  INFO -- : Species: Tropidopyge hunanensis
I, [2017-11-17T15:06:24.103654 #7703]  INFO -- : Species: Tropidopyge laevis
I, [2017-11-17T15:06:24.106971 #7703]  INFO -- : Genus: Yuepingia
I, [2017-11-17T15:06:24.415138 #7703]  INFO -- : Species: Yuepingia brevica
I, [2017-11-17T15:06:24.418185 #7703]  INFO -- : Species: Yuepingia minor
I, [2017-11-17T15:06:24.421107 #7703]  INFO -- : Genus: Yuepingioides
I, [2017-11-17T15:06:24.727314 #7703]  INFO -- : Species: Yuepingioides ocellata
I, [2017-11-17T15:06:24.730300 #7703]  INFO -- : Species: Yuepingioides parallelus
I, [2017-11-17T15:06:24.732726 #7703]  INFO -- : Family: Cyclopygidae
I, [2017-11-17T15:06:25.151062 #7703]  INFO -- : Genus: Phylacops
I, [2017-11-17T15:06:25.311728 #7703]  INFO -- : Species: Phylacops bituberculatus
I, [2017-11-17T15:06:25.315848 #7703]  INFO -- : Genus: Pricyclopyge
I, [2017-11-17T15:06:25.479183 #7703]  INFO -- : Species: Pricyclopyge synophthalma
I, [2017-11-17T15:06:25.483432 #7703]  INFO -- : Genus: Symphysops
I, [2017-11-17T15:06:25.663702 #7703]  INFO -- : Species: Symphysops djebaglensis
I, [2017-11-17T15:06:25.666928 #7703]  INFO -- : Family: Dikelocephalidae
I, [2017-11-17T15:06:26.618078 #7703]  INFO -- : Genus: Berkeia
I, [2017-11-17T15:06:26.935000 #7703]  INFO -- : Species: Berkeia glabellamersa
I, [2017-11-17T15:06:26.938083 #7703]  INFO -- : Species: Berkeia typica
I, [2017-11-17T15:06:26.940828 #7703]  INFO -- : Genus: Dikelocephalus
I, [2017-11-17T15:06:27.430214 #7703]  INFO -- : Species: Dikelocephalus halli
I, [2017-11-17T15:06:27.434618 #7703]  INFO -- : Species: Dikelocephalus tribulus
I, [2017-11-17T15:06:27.438355 #7703]  INFO -- : Species: Dikelocephalus wisconensis
I, [2017-11-17T15:06:27.441529 #7703]  INFO -- : Genus: Monocheilus
I, [2017-11-17T15:06:27.791520 #7703]  INFO -- : Species: Monocheilus anatinum
I, [2017-11-17T15:06:27.795830 #7703]  INFO -- : Species: Monocheilus micros
I, [2017-11-17T15:06:27.798992 #7703]  INFO -- : Genus: Neoiranella
I, [2017-11-17T15:06:27.962033 #7703]  INFO -- : Species: Neoiranella latefrons
I, [2017-11-17T15:06:27.967859 #7703]  INFO -- : Genus: Pterocephalops
I, [2017-11-17T15:06:28.126958 #7703]  INFO -- : Species: Pterocephalops acrophthalma
I, [2017-11-17T15:06:28.129735 #7703]  INFO -- : Genus: Stigmacephalus
I, [2017-11-17T15:06:28.533562 #7703]  INFO -- : Species: Stigmacephalus flexifrons
I, [2017-11-17T15:06:28.537873 #7703]  INFO -- : Species: Stigmacephalus hudsonensis
I, [2017-11-17T15:06:28.541401 #7703]  INFO -- : Family: Dionididae
I, [2017-11-17T15:06:28.730206 #7703]  INFO -- : Genus: Dionide
I, [2017-11-17T15:06:29.568121 #7703]  INFO -- : Species: Dionide formosa
I, [2017-11-17T15:06:29.572289 #7703]  INFO -- : Species: Dionide holdeni
I, [2017-11-17T15:06:29.576096 #7703]  INFO -- : Species: Dionide magnifica
I, [2017-11-17T15:06:29.579415 #7703]  INFO -- : Species: Dionide mareki
I, [2017-11-17T15:06:29.582587 #7703]  INFO -- : Species: Dionide semicircula
I, [2017-11-17T15:06:29.585820 #7703]  INFO -- : Family: Eurekiidae
I, [2017-11-17T15:06:29.739144 #7703]  INFO -- : Genus: Corbinia
I, [2017-11-17T15:06:29.905877 #7703]  INFO -- : Species: Corbinia horatio
I, [2017-11-17T15:06:29.909385 #7703]  INFO -- : Family: Hungaiidae
I, [2017-11-17T15:06:30.056754 #7703]  INFO -- : Genus: Hungioides
I, [2017-11-17T15:06:30.215314 #7703]  INFO -- : Species: Hungioides acutinasus
I, [2017-11-17T15:06:30.218543 #7703]  INFO -- : Family: Idahoiidae
I, [2017-11-17T15:06:31.114562 #7703]  INFO -- : Genus: Comanchia
I, [2017-11-17T15:06:31.432534 #7703]  INFO -- : Species: Comanchia minus
I, [2017-11-17T15:06:31.435728 #7703]  INFO -- : Species: Comanchia perincerta
I, [2017-11-17T15:06:31.438527 #7703]  INFO -- : Genus: Idahoia
I, [2017-11-17T15:06:31.788206 #7703]  INFO -- : Species: Idahoia serapio
I, [2017-11-17T15:06:31.792519 #7703]  INFO -- : Species: Idahoia wisconsensis
I, [2017-11-17T15:06:31.795999 #7703]  INFO -- : Genus: Langyashania
I, [2017-11-17T15:06:32.109752 #7703]  INFO -- : Species: Langyashania distincta
I, [2017-11-17T15:06:32.113264 #7703]  INFO -- : Species: Langyashania transversa
I, [2017-11-17T15:06:32.116161 #7703]  INFO -- : Genus: Maladioidella
I, [2017-11-17T15:06:32.570125 #7703]  INFO -- : Species: Maladioidella hunanensis
I, [2017-11-17T15:06:32.573545 #7703]  INFO -- : Species: Maladioidella laevigata
I, [2017-11-17T15:06:32.576401 #7703]  INFO -- : Species: Maladioidella splendens
I, [2017-11-17T15:06:32.579678 #7703]  INFO -- : Genus: Saratogia
I, [2017-11-17T15:06:32.741170 #7703]  INFO -- : Species: Saratogia hamula
I, [2017-11-17T15:06:32.745480 #7703]  INFO -- : Genus: Wilbernia
I, [2017-11-17T15:06:33.055823 #7703]  INFO -- : Species: Wilbernia explanatus
I, [2017-11-17T15:06:33.060244 #7703]  INFO -- : Species: Wilbernia pero
I, [2017-11-17T15:06:33.063795 #7703]  INFO -- : Family: Liostracinidae
I, [2017-11-17T15:06:33.350297 #7703]  INFO -- : Genus: Aplexura
I, [2017-11-17T15:06:33.505800 #7703]  INFO -- : Species: Aplexura pulchella
I, [2017-11-17T15:06:33.510081 #7703]  INFO -- : Genus: Liostracina
I, [2017-11-17T15:06:34.137944 #7703]  INFO -- : Species: Liostracina bella
I, [2017-11-17T15:06:34.142150 #7703]  INFO -- : Species: Liostracina bilimbata
I, [2017-11-17T15:06:34.145452 #7703]  INFO -- : Species: Liostracina krausei
I, [2017-11-17T15:06:34.148910 #7703]  INFO -- : Species: Liostracina suixiensis
I, [2017-11-17T15:06:34.151858 #7703]  INFO -- : Family: Monkaspididae
I, [2017-11-17T15:06:34.721276 #7703]  INFO -- : Genus: Liaoningaspis
I, [2017-11-17T15:06:35.034500 #7703]  INFO -- : Species: Liaoningaspis taitzehoensis
I, [2017-11-17T15:06:35.036996 #7703]  INFO -- : Species: Liaoningaspis zhongjingensis
I, [2017-11-17T15:06:35.039553 #7703]  INFO -- : Genus: Metopotropis
I, [2017-11-17T15:06:35.196120 #7703]  INFO -- : Species: Metopotropis sinensis
I, [2017-11-17T15:06:35.200045 #7703]  INFO -- : Genus: Monkaspis
I, [2017-11-17T15:06:35.974831 #7703]  INFO -- : Species: Monkaspis daulis
I, [2017-11-17T15:06:35.978988 #7703]  INFO -- : Species: Monkaspis neimonggolensis
I, [2017-11-17T15:06:35.982720 #7703]  INFO -- : Species: Monkaspis quadrata
I, [2017-11-17T15:06:35.985607 #7703]  INFO -- : Species: Monkaspis serrata
I, [2017-11-17T15:06:35.988899 #7703]  INFO -- : Species: Monkaspis serratus
I, [2017-11-17T15:06:35.991695 #7703]  INFO -- : Genus: Walcottaspidella
I, [2017-11-17T15:06:36.154935 #7703]  INFO -- : Species: Walcottaspidella suni
I, [2017-11-17T15:06:36.159200 #7703]  INFO -- : Family: Nileidae
I, [2017-11-17T15:06:37.322180 #7703]  INFO -- : Genus: Borthaspidella
I, [2017-11-17T15:06:37.486528 #7703]  INFO -- : Species: Borthaspidella gaspensis
I, [2017-11-17T15:06:37.491114 #7703]  INFO -- : Genus: Illaenopsis
I, [2017-11-17T15:06:37.819130 #7703]  INFO -- : Species: Illaenopsis stenorhachis
I, [2017-11-17T15:06:37.823438 #7703]  INFO -- : Species: Illaenopsis thomsoni
I, [2017-11-17T15:06:37.827099 #7703]  INFO -- : Genus: Nileus
I, [2017-11-17T15:06:40.157698 #7703]  INFO -- : Species: Nileus affinis
I, [2017-11-17T15:06:40.162050 #7703]  INFO -- : Species: Nileus depressus
I, [2017-11-17T15:06:40.165664 #7703]  INFO -- : Species: Nileus exarmatus
I, [2017-11-17T15:06:40.168841 #7703]  INFO -- : Species: Nileus gabata
I, [2017-11-17T15:06:40.172062 #7703]  INFO -- : Species: Nileus glazialis
I, [2017-11-17T15:06:40.175135 #7703]  INFO -- : Species: Nileus hesperaffinis
I, [2017-11-17T15:06:40.178079 #7703]  INFO -- : Species: Nileus lacunosa
I, [2017-11-17T15:06:40.180872 #7703]  INFO -- : Species: Nileus macrops
I, [2017-11-17T15:06:40.183736 #7703]  INFO -- : Species: Nileus orbiculatoides
I, [2017-11-17T15:06:40.186839 #7703]  INFO -- : Species: Nileus planiceps
I, [2017-11-17T15:06:40.189773 #7703]  INFO -- : Species: Nileus porosus
I, [2017-11-17T15:06:40.192337 #7703]  INFO -- : Species: Nileus preandinus
I, [2017-11-17T15:06:40.195296 #7703]  INFO -- : Species: Nileus scrutator
I, [2017-11-17T15:06:40.198001 #7703]  INFO -- : Species: Nileus walcotti
I, [2017-11-17T15:06:40.200578 #7703]  INFO -- : Genus: Peraspis
I, [2017-11-17T15:06:41.073158 #7703]  INFO -- : Species: Peraspis erugata
I, [2017-11-17T15:06:41.076257 #7703]  INFO -- : Species: Peraspis kolouros
I, [2017-11-17T15:06:41.079075 #7703]  INFO -- : Species: Peraspis lineolata
I, [2017-11-17T15:06:41.082176 #7703]  INFO -- : Species: Peraspis omega
I, [2017-11-17T15:06:41.085197 #7703]  INFO -- : Species: Peraspis yukonensis
I, [2017-11-17T15:06:41.087968 #7703]  INFO -- : Genus: Platypeltoides
I, [2017-11-17T15:06:41.255889 #7703]  INFO -- : Species: Platypeltoides wimani
I, [2017-11-17T15:06:41.260382 #7703]  INFO -- : Genus: Poronileus
I, [2017-11-17T15:06:41.886847 #7703]  INFO -- : Species: Poronileus fistulosus
I, [2017-11-17T15:06:41.891033 #7703]  INFO -- : Species: Poronileus isoteloides
I, [2017-11-17T15:06:41.893405 #7703]  INFO -- : Species: Poronileus jugatus
I, [2017-11-17T15:06:41.895869 #7703]  INFO -- : Species: Poronileus vallancei
I, [2017-11-17T15:06:41.898711 #7703]  INFO -- : Genus: Symphysurina
I, [2017-11-17T15:06:43.198028 #7703]  INFO -- : Species: Symphysurina brevis
I, [2017-11-17T15:06:43.201815 #7703]  INFO -- : Species: Symphysurina elegans
I, [2017-11-17T15:06:43.204781 #7703]  INFO -- : Species: Symphysurina globocapitella
I, [2017-11-17T15:06:43.207486 #7703]  INFO -- : Species: Symphysurina goniura
I, [2017-11-17T15:06:43.210471 #7703]  INFO -- : Species: Symphysurina robusta
I, [2017-11-17T15:06:43.213157 #7703]  INFO -- : Species: Symphysurina spicata
I, [2017-11-17T15:06:43.216114 #7703]  INFO -- : Species: Symphysurina uncaspicata
I, [2017-11-17T15:06:43.218828 #7703]  INFO -- : Species: Symphysurina walcotti
I, [2017-11-17T15:06:43.221631 #7703]  INFO -- : Genus: Symphysurus
I, [2017-11-17T15:06:43.390477 #7703]  INFO -- : Species: Symphysurus arcticus
I, [2017-11-17T15:06:43.394414 #7703]  INFO -- : Family: Not assigned
I, [2017-11-17T15:06:44.539877 #7703]  INFO -- : Genus: Chondranomocare
I, [2017-11-17T15:06:44.703764 #7703]  INFO -- : Species: Chondranomocare australis
I, [2017-11-17T15:06:44.707874 #7703]  INFO -- : Genus: Ectenaspis
I, [2017-11-17T15:06:45.024565 #7703]  INFO -- : Species: Ectenaspis beckeri
I, [2017-11-17T15:06:45.027737 #7703]  INFO -- : Species: Ectenaspis burkhalteri
I, [2017-11-17T15:06:45.030677 #7703]  INFO -- : Genus: Emanuelaspis
I, [2017-11-17T15:06:45.678631 #7703]  INFO -- : Species: Emanuelaspis nicolli
I, [2017-11-17T15:06:45.682934 #7703]  INFO -- : Species: Emanuelaspis teicherti
I, [2017-11-17T15:06:45.686474 #7703]  INFO -- : Species: Emanuelaspis expansa
I, [2017-11-17T15:06:45.689848 #7703]  INFO -- : Species: Emanuelaspis peculiaris
I, [2017-11-17T15:06:45.693210 #7703]  INFO -- : Genus: Lycophron
I, [2017-11-17T15:06:45.856911 #7703]  INFO -- : Species: Lycophron rex
I, [2017-11-17T15:06:45.861244 #7703]  INFO -- : Genus: Mioptychopyge
I, [2017-11-17T15:06:46.023104 #7703]  INFO -- : Species: Mioptychopyge trinodosa
I, [2017-11-17T15:06:46.026204 #7703]  INFO -- : Genus: Norasaphus
I, [2017-11-17T15:06:46.655888 #7703]  INFO -- : Species: Norasaphus monroeae
I, [2017-11-17T15:06:46.660500 #7703]  INFO -- : Species: Norasaphus vesiculosus
I, [2017-11-17T15:06:46.664094 #7703]  INFO -- : Species: Norasaphus skalis
I, [2017-11-17T15:06:46.667072 #7703]  INFO -- : Species: Norasaphus greenvalensis
I, [2017-11-17T15:06:46.669925 #7703]  INFO -- : Genus: Psalaspis
I, [2017-11-17T15:06:46.990057 #7703]  INFO -- : Species: Psalaspis marginata
I, [2017-11-17T15:06:46.993635 #7703]  INFO -- : Species: Psalaspis patersoni
I, [2017-11-17T15:06:46.997823 #7703]  INFO -- : Genus: Scinocephalus
I, [2017-11-17T15:06:47.306757 #7703]  INFO -- : Species: Scinocephalus quadrihastatus
I, [2017-11-17T15:06:47.309767 #7703]  INFO -- : Species: Scinocephalus solitecti
I, [2017-11-17T15:06:47.312772 #7703]  INFO -- : Family: Parabolinoididae
I, [2017-11-17T15:06:47.750463 #7703]  INFO -- : Genus: Abdulinaspis
I, [2017-11-17T15:06:47.933022 #7703]  INFO -- : Species: Abdulinaspis concinnus
I, [2017-11-17T15:06:47.937442 #7703]  INFO -- : Genus: Pesaiella
I, [2017-11-17T15:06:48.254852 #7703]  INFO -- : Species: Pesaiella obnixa
I, [2017-11-17T15:06:48.259145 #7703]  INFO -- : Species: Pesaiella perfida
I, [2017-11-17T15:06:48.262353 #7703]  INFO -- : Genus: Taenicephalus
I, [2017-11-17T15:06:48.421236 #7703]  INFO -- : Species: Taenicephalus polyaricus
I, [2017-11-17T15:06:48.425527 #7703]  INFO -- : Family: Pterocephaliidae
I, [2017-11-17T15:06:52.116770 #7703]  INFO -- : Genus: Anechocephalus
I, [2017-11-17T15:06:52.424488 #7703]  INFO -- : Species: Anechocephalus spinosus
I, [2017-11-17T15:06:52.428870 #7703]  INFO -- : Species: Anechocephalus trigranulatus
I, [2017-11-17T15:06:52.432236 #7703]  INFO -- : Genus: Bromella
I, [2017-11-17T15:06:52.589889 #7703]  INFO -- : Species: Bromella veritas
I, [2017-11-17T15:06:52.594064 #7703]  INFO -- : Genus: Camaraspis
I, [2017-11-17T15:06:52.754099 #7703]  INFO -- : Species: Camaraspis singula
I, [2017-11-17T15:06:52.758303 #7703]  INFO -- : Genus: Cernuolimbus
I, [2017-11-17T15:06:53.520835 #7703]  INFO -- : Species: Cernuolimbus depressus
I, [2017-11-17T15:06:53.524816 #7703]  INFO -- : Species: Cernuolimbus granulosus
I, [2017-11-17T15:06:53.528027 #7703]  INFO -- : Species: Cernuolimbus laevifrons
I, [2017-11-17T15:06:53.531159 #7703]  INFO -- : Species: Cernuolimbus orygmatos
I, [2017-11-17T15:06:53.534862 #7703]  INFO -- : Species: Cernuolimbus semigranulosus
I, [2017-11-17T15:06:53.537931 #7703]  INFO -- : Genus: Cilia
I, [2017-11-17T15:06:53.696854 #7703]  INFO -- : Species: Cilia plectrifera
I, [2017-11-17T15:06:53.701049 #7703]  INFO -- : Genus: Dikelocephalites
I, [2017-11-17T15:06:54.023566 #7703]  INFO -- : Species: Dikelocephalites flabelliformis
I, [2017-11-17T15:06:54.027251 #7703]  INFO -- : Species: Dikelocephalites gongxianensis
I, [2017-11-17T15:06:54.030024 #7703]  INFO -- : Genus: Housia
I, [2017-11-17T15:06:54.192576 #7703]  INFO -- : Species: Housia ovata
I, [2017-11-17T15:06:54.196923 #7703]  INFO -- : Genus: Labiostrella
I, [2017-11-17T15:06:54.513012 #7703]  INFO -- : Species: Labiostrella superna
I, [2017-11-17T15:06:54.517266 #7703]  INFO -- : Species: Labiostrella vera
I, [2017-11-17T15:06:54.520611 #7703]  INFO -- : Genus: Metachangshania
I, [2017-11-17T15:06:54.683202 #7703]  INFO -- : Species: Metachangshania brachypyga
I, [2017-11-17T15:06:54.687481 #7703]  INFO -- : Genus: Morosa
I, [2017-11-17T15:06:55.166029 #7703]  INFO -- : Species: Morosa brevispina
I, [2017-11-17T15:06:55.170237 #7703]  INFO -- : Species: Morosa extensa
I, [2017-11-17T15:06:55.173427 #7703]  INFO -- : Species: Morosa longispina
I, [2017-11-17T15:06:55.176273 #7703]  INFO -- : Genus: Parahousia
I, [2017-11-17T15:06:55.504189 #7703]  INFO -- : Species: Parahousia constricta
I, [2017-11-17T15:06:55.508777 #7703]  INFO -- : Species: Parahousia subequalis
I, [2017-11-17T15:06:55.512292 #7703]  INFO -- : Genus: Paramaladioidella
I, [2017-11-17T15:06:55.673265 #7703]  INFO -- : Species: Paramaladioidella subconica
I, [2017-11-17T15:06:55.677448 #7703]  INFO -- : Genus: Pauciella
I, [2017-11-17T15:06:55.842168 #7703]  INFO -- : Species: Pauciella prima
I, [2017-11-17T15:06:55.846570 #7703]  INFO -- : Genus: Pedinocephalites
I, [2017-11-17T15:06:56.158296 #7703]  INFO -- : Species: Pedinocephalites divulgatus
I, [2017-11-17T15:06:56.161811 #7703]  INFO -- : Species: Pedinocephalites minimus
I, [2017-11-17T15:06:56.164919 #7703]  INFO -- : Genus: Plesiocilia
I, [2017-11-17T15:06:56.324968 #7703]  INFO -- : Species: Plesiocilia minuta
I, [2017-11-17T15:06:56.329231 #7703]  INFO -- : Genus: Prehousia
I, [2017-11-17T15:06:57.246557 #7703]  INFO -- : Species: Prehousia alata
I, [2017-11-17T15:06:57.250809 #7703]  INFO -- : Species: Prehousia diverta
I, [2017-11-17T15:06:57.254413 #7703]  INFO -- : Species: Prehousia impolita
I, [2017-11-17T15:06:57.257577 #7703]  INFO -- : Species: Prehousia indenta
I, [2017-11-17T15:06:57.260847 #7703]  INFO -- : Species: Prehousia prima
I, [2017-11-17T15:06:57.263986 #7703]  INFO -- : Species: Prehousia semicircularis
I, [2017-11-17T15:06:57.267069 #7703]  INFO -- : Genus: Proapatokephaloides
I, [2017-11-17T15:06:57.425393 #7703]  INFO -- : Species: Proapatokephaloides longiformis
I, [2017-11-17T15:06:57.429824 #7703]  INFO -- : Genus: Prodikelocephalites
I, [2017-11-17T15:06:57.589500 #7703]  INFO -- : Species: Prodikelocephalites mesembrinus
I, [2017-11-17T15:06:57.594214 #7703]  INFO -- : Genus: Protemnites
I, [2017-11-17T15:06:57.768922 #7703]  INFO -- : Species: Protemnites waergangensis
I, [2017-11-17T15:06:57.773160 #7703]  INFO -- : Genus: Pseudaphelaspis
I, [2017-11-17T15:06:58.703902 #7703]  INFO -- : Species: Pseudaphelaspis elongatus
I, [2017-11-17T15:06:58.708470 #7703]  INFO -- : Species: Pseudaphelaspis latilimbatus
I, [2017-11-17T15:06:58.711590 #7703]  INFO -- : Species: Pseudaphelaspis langyashanensis
I, [2017-11-17T15:06:58.714485 #7703]  INFO -- : Species: Pseudaphelaspis latus
I, [2017-11-17T15:06:58.717218 #7703]  INFO -- : Species: Pseudaphelaspis obscurus
I, [2017-11-17T15:06:58.719788 #7703]  INFO -- : Species: Pseudaphelaspis transversus
I, [2017-11-17T15:06:58.722439 #7703]  INFO -- : Genus: Pterocephalia
I, [2017-11-17T15:06:59.353460 #7703]  INFO -- : Species: Pterocephalia concava
I, [2017-11-17T15:06:59.357765 #7703]  INFO -- : Species: Pterocephalia elongata
I, [2017-11-17T15:06:59.361338 #7703]  INFO -- : Species: Pterocephalia punctata
I, [2017-11-17T15:06:59.364695 #7703]  INFO -- : Species: Pterocephalia tenura
I, [2017-11-17T15:06:59.367687 #7703]  INFO -- : Genus: Sigmocheilus
I, [2017-11-17T15:07:00.032709 #7703]  INFO -- : Species: Sigmocheilus compressus
I, [2017-11-17T15:07:00.036967 #7703]  INFO -- : Species: Sigmocheilus flabellifer
I, [2017-11-17T15:07:00.041627 #7703]  INFO -- : Species: Sigmocheilus grata
I, [2017-11-17T15:07:00.045471 #7703]  INFO -- : Species: Sigmocheilus pogonipensis
I, [2017-11-17T15:07:00.049229 #7703]  INFO -- : Genus: Strigambitus
I, [2017-11-17T15:07:00.754956 #7703]  INFO -- : Species: Strigambitus bilobus
I, [2017-11-17T15:07:00.759392 #7703]  INFO -- : Species: Strigambitus blepharina
I, [2017-11-17T15:07:00.762370 #7703]  INFO -- : Species: Strigambitus transversus
I, [2017-11-17T15:07:00.765705 #7703]  INFO -- : Species: Strigambitus utahensis
I, [2017-11-17T15:07:00.768650 #7703]  INFO -- : Genus: Tumicephalus
I, [2017-11-17T15:07:00.928723 #7703]  INFO -- : Species: Tumicephalus depressus
I, [2017-11-17T15:07:00.932871 #7703]  INFO -- : Genus: Yangweizhouia
I, [2017-11-17T15:07:01.088109 #7703]  INFO -- : Species: Yangweizhouia carinata
I, [2017-11-17T15:07:01.091679 #7703]  INFO -- : Genus: Yingziaspis
I, [2017-11-17T15:07:01.255178 #7703]  INFO -- : Species: Yingziaspis erdaogouensis
I, [2017-11-17T15:07:01.259035 #7703]  INFO -- : Family: Ptychaspididae
I, [2017-11-17T15:07:01.566701 #7703]  INFO -- : Genus: Changia
I, [2017-11-17T15:07:01.728450 #7703]  INFO -- : Species: Changia chinensis
I, [2017-11-17T15:07:01.732753 #7703]  INFO -- : Genus: Ptychaspis
I, [2017-11-17T15:07:02.360015 #7703]  INFO -- : Species: Ptychaspis granulosa
I, [2017-11-17T15:07:02.363862 #7703]  INFO -- : Species: Ptychaspis miniscaensis
I, [2017-11-17T15:07:02.368073 #7703]  INFO -- : Species: Ptychaspis subglobosa
I, [2017-11-17T15:07:02.371839 #7703]  INFO -- : Species: Ptychaspis tuberosa
I, [2017-11-17T15:07:02.375138 #7703]  INFO -- : Family: Raphiophoridae
I, [2017-11-17T15:07:04.553671 #7703]  INFO -- : Genus: Ampyx
I, [2017-11-17T15:07:06.229239 #7703]  INFO -- : Species: Ampyx compactus
I, [2017-11-17T15:07:06.233536 #7703]  INFO -- : Species: Ampyx delicatulus
I, [2017-11-17T15:07:06.236924 #7703]  INFO -- : Species: Ampyx foveolatus
I, [2017-11-17T15:07:06.239952 #7703]  INFO -- : Species: Ampyx laeviusculus
I, [2017-11-17T15:07:06.243175 #7703]  INFO -- : Species: Ampyx lobatus
I, [2017-11-17T15:07:06.245839 #7703]  INFO -- : Species: Ampyx porcus
I, [2017-11-17T15:07:06.248768 #7703]  INFO -- : Species: Ampyx punctolineatus
I, [2017-11-17T15:07:06.251269 #7703]  INFO -- : Species: Ampyx spongiosus
I, [2017-11-17T15:07:06.253749 #7703]  INFO -- : Species: Ampyx toxotis
I, [2017-11-17T15:07:06.256286 #7703]  INFO -- : Species: Ampyx virginiensis
I, [2017-11-17T15:07:06.258619 #7703]  INFO -- : Species: Ampyx walcotti
I, [2017-11-17T15:07:06.261407 #7703]  INFO -- : Genus: Ampyxella
I, [2017-11-17T15:07:06.419022 #7703]  INFO -- : Species: Ampyxella aculeata
I, [2017-11-17T15:07:06.423275 #7703]  INFO -- : Genus: Ampyxina
I, [2017-11-17T15:07:06.890835 #7703]  INFO -- : Species: Ampyxina bellatula
I, [2017-11-17T15:07:06.895195 #7703]  INFO -- : Species: Ampyxina lanceola
I, [2017-11-17T15:07:06.898875 #7703]  INFO -- : Species: Ampyxina powelli
I, [2017-11-17T15:07:06.902255 #7703]  INFO -- : Genus: Ampyxoides
I, [2017-11-17T15:07:07.405886 #7703]  INFO -- : Species: Ampyxoides inermis
I, [2017-11-17T15:07:07.410277 #7703]  INFO -- : Species: Ampyxoides occipitalis
I, [2017-11-17T15:07:07.413669 #7703]  INFO -- : Species: Ampyxoides semicostatus
I, [2017-11-17T15:07:07.417165 #7703]  INFO -- : Genus: Anisonotella
I, [2017-11-17T15:07:07.583983 #7703]  INFO -- : Species: Anisonotella glacialis
I, [2017-11-17T15:07:07.588240 #7703]  INFO -- : Genus: Carinocranium
I, [2017-11-17T15:07:07.749018 #7703]  INFO -- : Species: Carinocranium cariniferum
I, [2017-11-17T15:07:07.753105 #7703]  INFO -- : Genus: Edmundsonia
I, [2017-11-17T15:07:07.916311 #7703]  INFO -- : Species: Edmundsonia typa
I, [2017-11-17T15:07:07.920517 #7703]  INFO -- : Genus: Endymionia
I, [2017-11-17T15:07:08.575314 #7703]  INFO -- : Species: Endymionia clavaria
I, [2017-11-17T15:07:08.579623 #7703]  INFO -- : Species: Endymionia meeki
I, [2017-11-17T15:07:08.582929 #7703]  INFO -- : Species: Endymionia raymondi
I, [2017-11-17T15:07:08.586294 #7703]  INFO -- : Species: Endymionia schucherti
I, [2017-11-17T15:07:08.589548 #7703]  INFO -- : Genus: Globampyx
I, [2017-11-17T15:07:08.898143 #7703]  INFO -- : Species: Globampyx sinalae
I, [2017-11-17T15:07:08.901878 #7703]  INFO -- : Species: Globampyx trinucleoides
I, [2017-11-17T15:07:08.905017 #7703]  INFO -- : Genus: Lonchodomas
I, [2017-11-17T15:07:10.889221 #7703]  INFO -- : Species: Lonchodomas carinatus
I, [2017-11-17T15:07:10.893591 #7703]  INFO -- : Species: Lonchodomas chaziensis
I, [2017-11-17T15:07:10.897176 #7703]  INFO -- : Species: Lonchodomas clavulus
I, [2017-11-17T15:07:10.900505 #7703]  INFO -- : Species: Lonchodomas depressus
I, [2017-11-17T15:07:10.903795 #7703]  INFO -- : Species: Lonchodomas halli
I, [2017-11-17T15:07:10.907010 #7703]  INFO -- : Species: Lonchodomas normalis
I, [2017-11-17T15:07:10.910262 #7703]  INFO -- : Species: Lonchodomas paenepennatus
I, [2017-11-17T15:07:10.913492 #7703]  INFO -- : Species: Lonchodomas pennatus
I, [2017-11-17T15:07:10.916697 #7703]  INFO -- : Species: Lonchodomas punctatus
I, [2017-11-17T15:07:10.919363 #7703]  INFO -- : Species: Lonchodomas retrolatus
I, [2017-11-17T15:07:10.922134 #7703]  INFO -- : Species: Lonchodomas rostratus
I, [2017-11-17T15:07:10.925266 #7703]  INFO -- : Species: Lonchodomas suriensis
I, [2017-11-17T15:07:10.928191 #7703]  INFO -- : Species: Lonchodomas tenuis
I, [2017-11-17T15:07:10.930938 #7703]  INFO -- : Genus: Mendolaspis
I, [2017-11-17T15:07:11.232640 #7703]  INFO -- : Species: Mendolaspis doidyx
I, [2017-11-17T15:07:11.237028 #7703]  INFO -- : Species: Mendolaspis salagastensis
I, [2017-11-17T15:07:11.240114 #7703]  INFO -- : Genus: Raphiophorus
I, [2017-11-17T15:07:11.398071 #7703]  INFO -- : Species: Raphiophorus lamasi
I, [2017-11-17T15:07:11.402327 #7703]  INFO -- : Genus: Raymondella
I, [2017-11-17T15:07:11.867587 #7703]  INFO -- : Species: Raymondella elegans
I, [2017-11-17T15:07:11.871858 #7703]  INFO -- : Species: Raymondella macconochiei
I, [2017-11-17T15:07:11.875188 #7703]  INFO -- : Species: Raymondella nevadensis
I, [2017-11-17T15:07:11.878276 #7703]  INFO -- : Genus: Rhombampyx
I, [2017-11-17T15:07:12.348983 #7703]  INFO -- : Species: Rhombampyx glaber
I, [2017-11-17T15:07:12.353221 #7703]  INFO -- : Species: Rhombampyx rhombos
I, [2017-11-17T15:07:12.356795 #7703]  INFO -- : Species: Rhombampyx tragula
I, [2017-11-17T15:07:12.360282 #7703]  INFO -- : Genus: Salteria
I, [2017-11-17T15:07:12.521502 #7703]  INFO -- : Species: Salteria americana
I, [2017-11-17T15:07:12.525957 #7703]  INFO -- : Family: Remopleurididae
I, [2017-11-17T15:07:15.744915 #7703]  INFO -- : Genus: Aktugaiella
I, [2017-11-17T15:07:16.216009 #7703]  INFO -- : Species: Aktugaiella acuminulata
I, [2017-11-17T15:07:16.220375 #7703]  INFO -- : Species: Aktugaiella assurgentis
I, [2017-11-17T15:07:16.223781 #7703]  INFO -- : Species: Aktugaiella hunanensis
I, [2017-11-17T15:07:16.227148 #7703]  INFO -- : Genus: Amphitryon
I, [2017-11-17T15:07:16.533595 #7703]  INFO -- : Species: Amphitryon murchisoni
I, [2017-11-17T15:07:16.536736 #7703]  INFO -- : Species: Amphitryon murchisonii
I, [2017-11-17T15:07:16.539840 #7703]  INFO -- : Genus: Apatokephalus
I, [2017-11-17T15:07:17.148388 #7703]  INFO -- : Species: Apatokephalus exiguus
I, [2017-11-17T15:07:17.152581 #7703]  INFO -- : Species: Apatokephalus longifrons
I, [2017-11-17T15:07:17.156588 #7703]  INFO -- : Species: Apatokephalus nyaicus
I, [2017-11-17T15:07:17.160297 #7703]  INFO -- : Species: Apatokephalus serratus
I, [2017-11-17T15:07:17.163473 #7703]  INFO -- : Genus: Blosyropsis
I, [2017-11-17T15:07:17.320635 #7703]  INFO -- : Species: Blosyropsis billingsi
I, [2017-11-17T15:07:17.325214 #7703]  INFO -- : Genus: Dislobosaspis
I, [2017-11-17T15:07:17.683543 #7703]  INFO -- : Species: Dislobosaspis guizhouensis
I, [2017-11-17T15:07:17.686989 #7703]  INFO -- : Species: Dislobosaspis zunyiensis
I, [2017-11-17T15:07:17.690259 #7703]  INFO -- : Genus: Eorobergia
I, [2017-11-17T15:07:18.197249 #7703]  INFO -- : Species: Eorobergia breviceps
I, [2017-11-17T15:07:18.201625 #7703]  INFO -- : Species: Eorobergia grandis
I, [2017-11-17T15:07:18.205226 #7703]  INFO -- : Species: Eorobergia marginalis
I, [2017-11-17T15:07:18.209253 #7703]  INFO -- : Genus: Hypodicranotus
I, [2017-11-17T15:07:18.379281 #7703]  INFO -- : Species: Hypodicranotus striatulus
I, [2017-11-17T15:07:18.383076 #7703]  INFO -- : Genus: Ivshinaspis
I, [2017-11-17T15:07:18.849367 #7703]  INFO -- : Species: Ivshinaspis crispa
I, [2017-11-17T15:07:18.853357 #7703]  INFO -- : Species: Ivshinaspis formosa
I, [2017-11-17T15:07:18.856794 #7703]  INFO -- : Species: Ivshinaspis reticulata
I, [2017-11-17T15:07:18.860184 #7703]  INFO -- : Genus: Kainella
I, [2017-11-17T15:07:19.337099 #7703]  INFO -- : Species: Kainella conica
I, [2017-11-17T15:07:19.341495 #7703]  INFO -- : Species: Kainella flagricauda
I, [2017-11-17T15:07:19.344945 #7703]  INFO -- : Species: Kainella meridionalis
I, [2017-11-17T15:07:19.348096 #7703]  INFO -- : Genus: Lacorsalina
I, [2017-11-17T15:07:19.510610 #7703]  INFO -- : Species: Lacorsalina bellatula
I, [2017-11-17T15:07:19.515261 #7703]  INFO -- : Genus: Mendosina
I, [2017-11-17T15:07:19.684529 #7703]  INFO -- : Species: Mendosina laciniosa
I, [2017-11-17T15:07:19.688269 #7703]  INFO -- : Genus: Menoparia
I, [2017-11-17T15:07:20.146560 #7703]  INFO -- : Species: Menoparia elegans
I, [2017-11-17T15:07:20.150475 #7703]  INFO -- : Species: Menoparia genalunata
I, [2017-11-17T15:07:20.153712 #7703]  INFO -- : Species: Menoparia lunalata
I, [2017-11-17T15:07:20.157410 #7703]  INFO -- : Genus: Pseudokainella
I, [2017-11-17T15:07:20.781984 #7703]  INFO -- : Species: Pseudokainella armatus
I, [2017-11-17T15:07:20.786357 #7703]  INFO -- : Species: Pseudokainella keideli
I, [2017-11-17T15:07:20.789135 #7703]  INFO -- : Species: Pseudokainella lata
I, [2017-11-17T15:07:20.791790 #7703]  INFO -- : Species: Pseudokainella pustulosa
I, [2017-11-17T15:07:20.795787 #7703]  INFO -- : Genus: Remopleurella
I, [2017-11-17T15:07:20.956545 #7703]  INFO -- : Species: Remopleurella burmeisteri
I, [2017-11-17T15:07:20.961018 #7703]  INFO -- : Genus: Remopleurides
I, [2017-11-17T15:07:25.677068 #7703]  INFO -- : Species: Remopleurides affluens
I, [2017-11-17T15:07:25.681333 #7703]  INFO -- : Species: Remopleurides angularis
I, [2017-11-17T15:07:25.684876 #7703]  INFO -- : Species: Remopleurides asperulus
I, [2017-11-17T15:07:25.688292 #7703]  INFO -- : Species: Remopleurides broeggeri
I, [2017-11-17T15:07:25.691349 #7703]  INFO -- : Species: Remopleurides caelatus
I, [2017-11-17T15:07:25.694189 #7703]  INFO -- : Species: Remopleurides canadensis
I, [2017-11-17T15:07:25.696838 #7703]  INFO -- : Species: Remopleurides caphyroides
I, [2017-11-17T15:07:25.699338 #7703]  INFO -- : Species: Remopleurides colbii
I, [2017-11-17T15:07:25.701808 #7703]  INFO -- : Species: Remopleurides darlecarlicus
I, [2017-11-17T15:07:25.704034 #7703]  INFO -- : Species: Remopleurides deani
I, [2017-11-17T15:07:25.706194 #7703]  INFO -- : Species: Remopleurides emarginatus
I, [2017-11-17T15:07:25.708321 #7703]  INFO -- : Species: Remopleurides eximius
I, [2017-11-17T15:07:25.715703 #7703]  INFO -- : Species: Remopleurides granensis
I, [2017-11-17T15:07:25.718323 #7703]  INFO -- : Species: Remopleurides inusitatus
I, [2017-11-17T15:07:25.720880 #7703]  INFO -- : Species: Remopleurides kullsbergensis
I, [2017-11-17T15:07:25.723155 #7703]  INFO -- : Species: Remopleurides laevigatus
I, [2017-11-17T15:07:25.725237 #7703]  INFO -- : Species: Remopleurides latifrons
I, [2017-11-17T15:07:25.727548 #7703]  INFO -- : Species: Remopleurides latus
I, [2017-11-17T15:07:25.729742 #7703]  INFO -- : Species: Remopleurides ligulus
I, [2017-11-17T15:07:25.732073 #7703]  INFO -- : Species: Remopleurides lunnerensis
I, [2017-11-17T15:07:25.734536 #7703]  INFO -- : Species: Remopleurides minimus
I, [2017-11-17T15:07:25.737013 #7703]  INFO -- : Species: Remopleurides missouriensis
I, [2017-11-17T15:07:25.739407 #7703]  INFO -- : Species: Remopleurides nikolaiseni
I, [2017-11-17T15:07:25.741753 #7703]  INFO -- : Species: Remopleurides pattersoni
I, [2017-11-17T15:07:25.744016 #7703]  INFO -- : Species: Remopleurides paucus
I, [2017-11-17T15:07:25.746348 #7703]  INFO -- : Species: Remopleurides perspicax
I, [2017-11-17T15:07:25.749032 #7703]  INFO -- : Species: Remopleurides pilulus
I, [2017-11-17T15:07:25.751215 #7703]  INFO -- : Species: Remopleurides plaesiourus
I, [2017-11-17T15:07:25.753329 #7703]  INFO -- : Species: Remopleurides simulus
I, [2017-11-17T15:07:25.755432 #7703]  INFO -- : Species: Remopleurides variolaris
I, [2017-11-17T15:07:25.762508 #7703]  INFO -- : Genus: Remopleuridiella
I, [2017-11-17T15:07:25.926835 #7703]  INFO -- : Species: Remopleuridiella caudalimbata
I, [2017-11-17T15:07:25.931046 #7703]  INFO -- : Genus: Richardsonella
I, [2017-11-17T15:07:26.092465 #7703]  INFO -- : Species: Richardsonella variagranula
I, [2017-11-17T15:07:26.096750 #7703]  INFO -- : Genus: Robergia
I, [2017-11-17T15:07:27.481891 #7703]  INFO -- : Species: Robergia barrandii
I, [2017-11-17T15:07:27.485912 #7703]  INFO -- : Species: Robergia major
I, [2017-11-17T15:07:27.489149 #7703]  INFO -- : Species: Robergia microphthalma
I, [2017-11-17T15:07:27.492428 #7703]  INFO -- : Species: Robergia microphthalmus
I, [2017-11-17T15:07:27.495073 #7703]  INFO -- : Species: Robergia scanica
I, [2017-11-17T15:07:27.497812 #7703]  INFO -- : Species: Robergia schlotheimi
I, [2017-11-17T15:07:27.501615 #7703]  INFO -- : Species: Robergia sinensis
I, [2017-11-17T15:07:27.504210 #7703]  INFO -- : Species: Robergia sparsa
I, [2017-11-17T15:07:27.506992 #7703]  INFO -- : Species: Robergia striatella
I, [2017-11-17T15:07:27.509939 #7703]  INFO -- : Genus: Robergiella
I, [2017-11-17T15:07:27.965739 #7703]  INFO -- : Species: Robergiella brevilingua
I, [2017-11-17T15:07:27.970000 #7703]  INFO -- : Species: Robergiella lundehukensis
I, [2017-11-17T15:07:27.973165 #7703]  INFO -- : Species: Robergiella sagittalis
I, [2017-11-17T15:07:27.976393 #7703]  INFO -- : Genus: Sculptaspis
I, [2017-11-17T15:07:28.903617 #7703]  INFO -- : Species: Sculptaspis cordata
I, [2017-11-17T15:07:28.907938 #7703]  INFO -- : Species: Sculptaspis erratica
I, [2017-11-17T15:07:28.911263 #7703]  INFO -- : Species: Sculptaspis impolita
I, [2017-11-17T15:07:28.914071 #7703]  INFO -- : Species: Sculptaspis insculpta
I, [2017-11-17T15:07:28.916748 #7703]  INFO -- : Species: Sculptaspis pannucea
I, [2017-11-17T15:07:28.919212 #7703]  INFO -- : Species: Sculptaspis sexlineata
I, [2017-11-17T15:07:28.921665 #7703]  INFO -- : Genus: Sculptella
I, [2017-11-17T15:07:29.545544 #7703]  INFO -- : Species: Sculptella angustilingua
I, [2017-11-17T15:07:29.549767 #7703]  INFO -- : Species: Sculptella nonscripta
I, [2017-11-17T15:07:29.553265 #7703]  INFO -- : Species: Sculptella scripta
I, [2017-11-17T15:07:29.556503 #7703]  INFO -- : Species: Sculptella scriptoides
I, [2017-11-17T15:07:29.559044 #7703]  INFO -- : Genus: Taishania
I, [2017-11-17T15:07:29.722899 #7703]  INFO -- : Species: Taishania bassifrons
I, [2017-11-17T15:07:29.725866 #7703]  INFO -- : Family: Rhyssometopidae
I, [2017-11-17T15:07:30.029504 #7703]  INFO -- : Genus: Qiandongaspis
I, [2017-11-17T15:07:30.190618 #7703]  INFO -- : Species: Qiandongaspis qiandongensis
I, [2017-11-17T15:07:30.193896 #7703]  INFO -- : Genus: Rhyssometopus
I, [2017-11-17T15:07:30.404724 #7703]  INFO -- : Species: Rhyssometopus nitidus
I, [2017-11-17T15:07:30.409223 #7703]  INFO -- : Family: Saukiidae
I, [2017-11-17T15:07:31.849100 #7703]  INFO -- : Genus: Calvinella
I, [2017-11-17T15:07:32.012748 #7703]  INFO -- : Species: Calvinella lira
I, [2017-11-17T15:07:32.015713 #7703]  INFO -- : Genus: Diemanosaukia
I, [2017-11-17T15:07:32.190968 #7703]  INFO -- : Species: Diemanosaukia miserabilis
I, [2017-11-17T15:07:32.195132 #7703]  INFO -- : Genus: Linguisaukia
I, [2017-11-17T15:07:32.360344 #7703]  INFO -- : Species: Linguisaukia affinis
I, [2017-11-17T15:07:32.363940 #7703]  INFO -- : Genus: Lophosaukia
I, [2017-11-17T15:07:32.685172 #7703]  INFO -- : Species: Lophosaukia jiangnanensis
I, [2017-11-17T15:07:32.689488 #7703]  INFO -- : Species: Lophosaukia rectangulata
I, [2017-11-17T15:07:32.693020 #7703]  INFO -- : Genus: Mictosaukia
I, [2017-11-17T15:07:33.339145 #7703]  INFO -- : Species: Mictosaukia combinata
I, [2017-11-17T15:07:33.343546 #7703]  INFO -- : Species: Mictosaukia luanhensis
I, [2017-11-17T15:07:33.346830 #7703]  INFO -- : Species: Mictosaukia maculata
I, [2017-11-17T15:07:33.349912 #7703]  INFO -- : Species: Mictosaukia orientalis
I, [2017-11-17T15:07:33.352719 #7703]  INFO -- : Genus: Prosaukia
I, [2017-11-17T15:07:33.991036 #7703]  INFO -- : Species: Prosaukia ambigua
I, [2017-11-17T15:07:33.995310 #7703]  INFO -- : Species: Prosaukia diversa
I, [2017-11-17T15:07:33.998912 #7703]  INFO -- : Species: Prosaukia misa
I, [2017-11-17T15:07:34.002488 #7703]  INFO -- : Species: Prosaukia spinula
I, [2017-11-17T15:07:34.005366 #7703]  INFO -- : Genus: Pseudocalvinella
I, [2017-11-17T15:07:34.164436 #7703]  INFO -- : Species: Pseudocalvinella spinosa
I, [2017-11-17T15:07:34.167880 #7703]  INFO -- : Genus: Saukia
I, [2017-11-17T15:07:34.941644 #7703]  INFO -- : Species: Saukia crassa
I, [2017-11-17T15:07:34.945961 #7703]  INFO -- : Species: Saukia enshiensis
I, [2017-11-17T15:07:34.949178 #7703]  INFO -- : Species: Saukia globosa
I, [2017-11-17T15:07:34.952960 #7703]  INFO -- : Species: Saukia jingxianensis
I, [2017-11-17T15:07:34.956059 #7703]  INFO -- : Species: Saukia reflexa
I, [2017-11-17T15:07:34.958718 #7703]  INFO -- : Genus: Saukiella
I, [2017-11-17T15:07:35.264964 #7703]  INFO -- : Species: Saukiella baikadamica
I, [2017-11-17T15:07:35.269177 #7703]  INFO -- : Species: Saukiella diversa
I, [2017-11-17T15:07:35.272407 #7703]  INFO -- : Genus: Suluderella
I, [2017-11-17T15:07:35.435752 #7703]  INFO -- : Species: Suluderella mukazegata
I, [2017-11-17T15:07:35.439860 #7703]  INFO -- : Family: Taihungshaniidae
I, [2017-11-17T15:07:35.579136 #7703]  INFO -- : Genus: Asaphopsis
I, [2017-11-17T15:07:35.735896 #7703]  INFO -- : Species: Asaphopsis intermedia
I, [2017-11-17T15:07:35.740120 #7703]  INFO -- : Family: Trinucleidae
I, [2017-11-17T15:07:37.379539 #7703]  INFO -- : Genus: Broeggerolithus
I, [2017-11-17T15:07:37.695494 #7703]  INFO -- : Species: Broeggerolithus broeggeri
I, [2017-11-17T15:07:37.698298 #7703]  INFO -- : Species: Broeggerolithus discors
I, [2017-11-17T15:07:37.700871 #7703]  INFO -- : Genus: Cryptolithoides
I, [2017-11-17T15:07:37.859522 #7703]  INFO -- : Species: Cryptolithoides reticulatus
I, [2017-11-17T15:07:37.863151 #7703]  INFO -- : Genus: Cryptolithus
I, [2017-11-17T15:07:38.513228 #7703]  INFO -- : Species: Cryptolithus bellulus
I, [2017-11-17T15:07:38.517636 #7703]  INFO -- : Species: Cryptolithus lorettensis
I, [2017-11-17T15:07:38.521179 #7703]  INFO -- : Species: Cryptolithus recurvus
I, [2017-11-17T15:07:38.524232 #7703]  INFO -- : Species: Cryptolithus tesselatus
I, [2017-11-17T15:07:38.527060 #7703]  INFO -- : Genus: Deanaspis
I, [2017-11-17T15:07:38.684191 #7703]  INFO -- : Species: Deanaspis bedinanensis
I, [2017-11-17T15:07:38.688473 #7703]  INFO -- : Genus: Eotrinucleus
I, [2017-11-17T15:07:38.852600 #7703]  INFO -- : Species: Eotrinucleus antiquus
I, [2017-11-17T15:07:38.857361 #7703]  INFO -- : Genus: Famatinolithus
I, [2017-11-17T15:07:39.026089 #7703]  INFO -- : Species: Famatinolithus noticus
I, [2017-11-17T15:07:39.030518 #7703]  INFO -- : Genus: Guandacolithus
I, [2017-11-17T15:07:39.188178 #7703]  INFO -- : Species: Guandacolithus furquei
I, [2017-11-17T15:07:39.192216 #7703]  INFO -- : Genus: Kimakaspis
I, [2017-11-17T15:07:39.355173 #7703]  INFO -- : Species: Kimakaspis kovalevskyi
I, [2017-11-17T15:07:39.359320 #7703]  INFO -- : Genus: Marrolithus
I, [2017-11-17T15:07:39.519503 #7703]  INFO -- : Species: Marrolithus orthogonius
I, [2017-11-17T15:07:39.523209 #7703]  INFO -- : Genus: Tretaspis
I, [2017-11-17T15:07:41.300340 #7703]  INFO -- : Species: Tretaspis anderssoni
I, [2017-11-17T15:07:41.304628 #7703]  INFO -- : Species: Tretaspis askerensis
I, [2017-11-17T15:07:41.308051 #7703]  INFO -- : Species: Tretaspis ceriodes
I, [2017-11-17T15:07:41.311374 #7703]  INFO -- : Species: Tretaspis hadelandica
I, [2017-11-17T15:07:41.314290 #7703]  INFO -- : Species: Tretaspis hisingeri
I, [2017-11-17T15:07:41.317124 #7703]  INFO -- : Species: Tretaspis kiaeri
I, [2017-11-17T15:07:41.319757 #7703]  INFO -- : Species: Tretaspis latilimbus
I, [2017-11-17T15:07:41.322127 #7703]  INFO -- : Species: Tretaspis moeldenensis
I, [2017-11-17T15:07:41.324706 #7703]  INFO -- : Species: Tretaspis sagenosus
I, [2017-11-17T15:07:41.327202 #7703]  INFO -- : Species: Tretaspis seticornis
I, [2017-11-17T15:07:41.329660 #7703]  INFO -- : Species: Tretaspis sortita
I, [2017-11-17T15:07:41.331821 #7703]  INFO -- : Genus: Trinucleus
I, [2017-11-17T15:07:41.499654 #7703]  INFO -- : Species: Trinucleus seticornis
